* using log directory ‘/home/kvv/ssd1/edm/edm1/R/edm1.Rcheck’
* using R version 4.3.2 (2023-10-31)
* using platform: x86_64-pc-linux-gnu (64-bit)
* R was compiled by
    gcc (GCC) 13.2.1 20230801
    GNU Fortran (GCC) 13.2.1 20230801
* running under: Arch Linux
* using session charset: UTF-8
* checking for file ‘edm1/DESCRIPTION’ ... OK
* this is package ‘edm1’ version ‘1.0’
* package encoding: UTF-8
* checking package namespace information ... OK
* checking package dependencies ... OK
* checking if this is a source package ... OK
* checking if there is a namespace ... OK
* checking for executable files ... OK
* checking for hidden files and directories ... NOTE
Found the following hidden files and directories:
  .RData
  .Rhistory
  .html
  R/.RData
  R/.Rhistory
  man/.RData
  man/.Rhistory
  man/.md
  ..Rcheck
These were most likely included in error. See section ‘Package
structure’ in the ‘Writing R Extensions’ manual.
* checking for portable file names ... ERROR
Found the following file with a non-portable file name:
  R/<
These are not valid file names on all R platforms.
Please rename the files and try again.
See section ‘Package structure’ in the ‘Writing R Extensions’ manual.
 WARNING
Found the following file with a non-portable file name:
  R/<
These are not fully portable file names.
See section ‘Package structure’ in the ‘Writing R Extensions’ manual.
* checking for sufficient/correct file permissions ... OK
* checking whether package ‘edm1’ can be installed ... OK
* checking installed package size ... OK
* checking package directory ... OK
* checking DESCRIPTION meta-information ... OK
* checking top-level files ... NOTE
File
  LICENSE
is not mentioned in the DESCRIPTION file.
* checking for left-over files ... OK
* checking index information ... OK
* checking package subdirectories ... WARNING
Found the following directories with names of check directories:
  ./..Rcheck
  ./R/edm1.Rcheck
Most likely, these were included erroneously.
* checking R files for non-ASCII characters ... OK
* checking R files for syntax errors ... OK
* checking whether the package can be loaded ... OK
* checking whether the package can be loaded with stated dependencies ... OK
* checking whether the package can be unloaded cleanly ... OK
* checking whether the namespace can be loaded with stated dependencies ... OK
* checking whether the namespace can be unloaded cleanly ... OK
* checking loading without being on the library search path ... OK
* checking dependencies in R code ... NOTE
Espaces de noms dans le champ Imports non importés depuis :
  ‘openxlsx’ ‘stringi’ ‘stringr’
  All declared Imports should be used.
* checking S3 generic/method consistency ... OK
* checking replacement functions ... OK
* checking foreign function calls ... OK
* checking R code for possible problems ... NOTE
all_stat: no visible global function definition for ‘str_locate’
all_stat: no visible global function definition for ‘var’
all_stat: no visible global function definition for ‘sd’
all_stat: no visible global function definition for ‘median’
all_stat: no visible global function definition for ‘quantile’
any_join_df : fixer_nest_v: no visible global function definition for
  ‘str_detect’
can_be_num: no visible global function definition for ‘str_split’
change_date: no visible global function definition for ‘str_split’
change_date: no visible global function definition for ‘str_sub’
closest_date: no visible global function definition for ‘str_split’
closest_date: no visible global function definition for ‘str_sub’
cost_and_taxes: no visible binding for global variable ‘pu_d_tcc’
data_gen: no visible global function definition for ‘str_split’
data_gen: no visible global function definition for ‘runif’
data_gen: no visible global function definition for ‘stri_paste’
data_gen: no visible global function definition for ‘dpois’
data_gen: no visible global function definition for ‘dnorm’
data_gen: no visible global function definition for ‘write.table’
data_meshup: no visible global function definition for ‘str_detect’
data_meshup: no visible global function definition for ‘write.table’
date_sort: no visible global function definition for ‘str_split’
days_from_month: no visible global function definition for ‘str_split’
days_from_month: no visible binding for global variable ‘dialect’
diff_xlsx: no visible global function definition for ‘read.xlsx’
diff_xlsx: no visible global function definition for ‘write.xlsx’
diff_xlsx: no visible global function definition for ‘loadWorkbook’
diff_xlsx: no visible global function definition for ‘createStyle’
diff_xlsx: no visible global function definition for ‘addStyle’
diff_xlsx: no visible global function definition for ‘saveWorkbook’
file_rec: no visible global function definition for ‘str_count’
file_rec2: no visible global function definition for ‘str_split’
file_rec2: no visible global function definition for ‘str_count’
fixer_nest_v: no visible global function definition for ‘str_detect’
format_date: no visible global function definition for ‘str_split’
get_rec: no visible global function definition for ‘str_count’
groupr_df : see_df: no visible binding for global variable
  ‘condiction_l’
letter_to_nb: no visible global function definition for ‘str_sub’
match_n: no visible binding for global variable ‘vec2’
nestr_df1: no visible binding for global variable ‘inptt_df’
pattern_generator: no visible global function definition for
  ‘str_split’
pattern_generator: no visible global function definition for ‘runif’
pattern_generator: no visible global function definition for
  ‘stri_paste’
pattern_gettr: no visible global function definition for ‘str_detect’
pattern_tuning: no visible global function definition for ‘str_split’
pattern_tuning: no visible global function definition for ‘runif’
pattern_tuning: no visible global function definition for ‘stri_paste’
ptrn_twkr: no visible global function definition for ‘str_count’
see_df: no visible binding for global variable ‘condiction_l’
see_file: no visible global function definition for ‘str_split’
see_inside: no visible global function definition for ‘str_split’
see_inside: no visible global function definition for ‘getSheetNames’
see_inside: no visible global function definition for ‘read.xlsx’
see_inside: no visible global function definition for ‘read.table’
v_to_df: no visible global function definition for ‘str_count’
Undefined global functions or variables:
  addStyle condiction_l createStyle dialect dnorm dpois getSheetNames
  inptt_df loadWorkbook median pu_d_tcc quantile read.table read.xlsx
  runif saveWorkbook sd str_count str_detect str_locate str_split
  str_sub stri_paste var vec2 write.table write.xlsx
Consider adding
  importFrom("stats", "dnorm", "dpois", "median", "quantile", "runif",
             "sd", "var")
  importFrom("utils", "read.table", "write.table")
to your NAMESPACE file.
* checking Rd files ... OK
* checking Rd metadata ... OK
* checking Rd cross-references ... WARNING
Lien(s) manquant(s) dans la documentation de l'objet 'see_inside.Rd' :
  ‘1’ ‘1:(grep(unique_sep, x) - 1)’

Voyez l'information dans la section 'Cross-references' du manuel
'Writing R Extensions'.
* checking for missing documentation entries ... OK
* checking for code/documentation mismatches ... OK
* checking Rd \usage sections ... WARNING
Arguments non documentés dans la documentation de l'objet 'calc_occu_v'
  ‘f_v’ ‘w_v’ ‘nvr_here’

Arguments non documentés dans la documentation de l'objet 'fittr_v'
  ‘nvr_here’

Arguments non documentés dans la documentation de l'objet 'fixer_nest_v'
  ‘cur_v’ ‘pttrn_v’ ‘wrk_v’

Arguments non documentés dans la documentation de l'objet 'lst_flatnr'
  ‘inpt_l’

Arguments non documentés dans la documentation de l'objet 'nestr_df1'
  ‘inptt_neg_df’
Arguments documentés non repris dans \usage pour la documentation de l'objet 'nestr_df1' :
  ‘inpt_neg_df’

Functions with \usage entries need to have the appropriate \alias
entries, and all their arguments documented.
The \usage entries must correspond to syntactically valid R code.
See chapter ‘Writing R documentation files’ in the ‘Writing R
Extensions’ manual.
* checking Rd contents ... OK
* checking for unstated dependencies in examples ... WARNING
Avis : erreur d'analyse de code dans le fichier 'lines' :
6: symbole inattendu
59:                  excl_col=c(), rtn_col=c()))
60:  ids val
         ^
* checking examples ... ERROR
Running examples in ‘edm1-Ex.R’ failed
The error most likely occurred in:

> ### Name: all_stat
> ### Title: all_stat
> ### Aliases: all_stat
> 
> ### ** Examples
> 
> df <- data.frame("mod"=c("first", "seco", "seco", "first", "first", "third", "first"), 
+                 "var1"=c(11, 22, 21, 22, 22, 11, 9), 
+                "var2"=c("d", "d", "z", "z", "z", "d", "z"), 
+                "var3"=c(45, 44, 43, 46, 45, 45, 42),
+               "var4"=c("A", "A", "A", "A", "B", "C", "C"))
> 
> all_stat(inpt_v=c("first", "seco"), var_add = c("var1", "var2", "var3", "var4"), 
+  stat_var=c("sum", "mean", "median", "sd", "occu-var2/", "occu-var4/", "variance", "quantile-0.75/"), 
+  inpt_df=df)
Error in all_stat(inpt_v = c("first", "seco"), var_add = c("var1", "var2",  : 
  could not find function "all_stat"
Execution halted
* checking PDF version of manual ... OK
* DONE
Status: 2 ERRORs, 5 WARNINGs, 4 NOTEs
