This is pdfTeX, Version 3.141592653-2.6-1.40.25 (TeX Live 2023/Arch Linux) (preloaded format=pdflatex 2024.1.24)  21 FEB 2024 15:33
entering extended mode
 restricted \write18 enabled.
 %&-line parsing enabled.
**\input ./Rd2.tex \input ./Rd2.tex \input ./Rd2.tex
 (./Rd2.tex
(/usr/share/texmf-dist/tex/latex/base/book.cls
Document Class: book 2022/07/02 v1.4n Standard LaTeX document class
(/usr/share/texmf-dist/tex/latex/base/bk10.clo
File: bk10.clo 2022/07/02 v1.4n Standard LaTeX file (size option)
)
\c@part=\count185
\c@chapter=\count186
\c@section=\count187
\c@subsection=\count188
\c@subsubsection=\count189
\c@paragraph=\count190
\c@subparagraph=\count191
\c@figure=\count192
\c@table=\count193
\abovecaptionskip=\skip48
\belowcaptionskip=\skip49
\bibindent=\dimen140
)
(/usr/share/texmf/tex/latex/Rd.sty
Package: Rd 

(/usr/share/texmf-dist/tex/latex/base/ifthen.sty
Package: ifthen 2022/04/13 v1.1d Standard LaTeX ifthen package (DPC)
)
(/usr/share/texmf-dist/tex/latex/tools/longtable.sty
Package: longtable 2021-09-01 v4.17 Multi-page Table package (DPC)
\LTleft=\skip50
\LTright=\skip51
\LTpre=\skip52
\LTpost=\skip53
\LTchunksize=\count194
\LTcapwidth=\dimen141
\LT@head=\box51
\LT@firsthead=\box52
\LT@foot=\box53
\LT@lastfoot=\box54
\LT@gbox=\box55
\LT@cols=\count195
\LT@rows=\count196
\c@LT@tables=\count197
\c@LT@chunks=\count198
\LT@p@ftn=\toks16
)
(/usr/share/texmf-dist/tex/latex/tools/bm.sty
Package: bm 2022/01/05 v1.2f Bold Symbol Support (DPC/FMi)
\symboldoperators=\mathgroup4
\symboldletters=\mathgroup5
\symboldsymbols=\mathgroup6
Package bm Info: No bold for \OMX/cmex/m/n, using \pmb.
LaTeX Font Info:    Redeclaring math alphabet \mathbf on input line 149.
)
(/usr/share/texmf-dist/tex/latex/base/alltt.sty
Package: alltt 2021/01/29 v2.0g defines alltt environment
)
(/usr/share/texmf-dist/tex/latex/tools/verbatim.sty
Package: verbatim 2022-07-02 v1.5u LaTeX2e package for verbatim enhancements
\every@verbatim=\toks17
\verbatim@line=\toks18
\verbatim@in@stream=\read2
)
(/usr/share/texmf-dist/tex/latex/url/url.sty
\Urlmuskip=\muskip16
Package: url 2013/09/16  ver 3.4  Verb mode for urls, etc.
)
(/usr/share/texmf-dist/tex/latex/base/textcomp.sty
Package: textcomp 2020/02/02 v2.0n Standard LaTeX package
)
(/usr/share/texmf-dist/tex/latex/amsmath/amsmath.sty
Package: amsmath 2022/04/08 v2.17n AMS math features
\@mathmargin=\skip54

For additional information on amsmath, use the `?' option.
(/usr/share/texmf-dist/tex/latex/amsmath/amstext.sty
Package: amstext 2021/08/26 v2.01 AMS text

(/usr/share/texmf-dist/tex/latex/amsmath/amsgen.sty
File: amsgen.sty 1999/11/30 v2.0 generic functions
\@emptytoks=\toks19
\ex@=\dimen142
))
(/usr/share/texmf-dist/tex/latex/amsmath/amsbsy.sty
Package: amsbsy 1999/11/29 v1.2d Bold Symbols
LaTeX Info: Redefining \boldsymbol on input line 28.
\pmbraise@=\dimen143
)
(/usr/share/texmf-dist/tex/latex/amsmath/amsopn.sty
Package: amsopn 2022/04/08 v2.04 operator names
)
\inf@bad=\count199
LaTeX Info: Redefining \frac on input line 234.
\uproot@=\count266
\leftroot@=\count267
LaTeX Info: Redefining \overline on input line 399.
LaTeX Info: Redefining \colon on input line 410.
\classnum@=\count268
\DOTSCASE@=\count269
LaTeX Info: Redefining \ldots on input line 496.
LaTeX Info: Redefining \dots on input line 499.
LaTeX Info: Redefining \cdots on input line 620.
\Mathstrutbox@=\box56
\strutbox@=\box57
LaTeX Info: Redefining \big on input line 722.
LaTeX Info: Redefining \Big on input line 723.
LaTeX Info: Redefining \bigg on input line 724.
LaTeX Info: Redefining \Bigg on input line 725.
\big@size=\dimen144
LaTeX Font Info:    Redeclaring font encoding OML on input line 743.
LaTeX Font Info:    Redeclaring font encoding OMS on input line 744.
\macc@depth=\count270
LaTeX Info: Redefining \bmod on input line 905.
LaTeX Info: Redefining \pmod on input line 910.
LaTeX Info: Redefining \smash on input line 940.
LaTeX Info: Redefining \relbar on input line 970.
LaTeX Info: Redefining \Relbar on input line 971.
\c@MaxMatrixCols=\count271
\dotsspace@=\muskip17
\c@parentequation=\count272
\dspbrk@lvl=\count273
\tag@help=\toks20
\row@=\count274
\column@=\count275
\maxfields@=\count276
\andhelp@=\toks21
\eqnshift@=\dimen145
\alignsep@=\dimen146
\tagshift@=\dimen147
\tagwidth@=\dimen148
\totwidth@=\dimen149
\lineht@=\dimen150
\@envbody=\toks22
\multlinegap=\skip55
\multlinetaggap=\skip56
\mathdisplay@stack=\toks23
LaTeX Info: Redefining \[ on input line 2953.
LaTeX Info: Redefining \] on input line 2954.
)
(/usr/share/texmf-dist/tex/latex/amsfonts/amsfonts.sty
Package: amsfonts 2013/01/14 v3.01 Basic AMSFonts support
\symAMSa=\mathgroup7
\symAMSb=\mathgroup8
LaTeX Font Info:    Redeclaring math symbol \hbar on input line 98.
LaTeX Font Info:    Overwriting math alphabet `\mathfrak' in version `bold'
(Font)                  U/euf/m/n --> U/euf/b/n on input line 106.
)
(/usr/share/texmf-dist/tex/latex/amsfonts/amssymb.sty
Package: amssymb 2013/01/14 v3.01 AMS font symbols
)
(/usr/share/texmf-dist/tex/latex/jknapltx/mathrsfs.sty
Package: mathrsfs 1996/01/01 Math RSFS package v1.0 (jk)
\symrsfs=\mathgroup9
)
\ldescriptionwidth=\skip57

(/usr/share/texmf-dist/tex/generic/iftex/iftex.sty
Package: iftex 2022/02/03 v1.0f TeX engine tests
)
(/usr/share/texmf-dist/tex/latex/base/fontenc.sty
Package: fontenc 2021/04/29 v2.0v Standard LaTeX package
)
(/usr/share/texmf-dist/tex/latex/psnfss/times.sty
Package: times 2020/03/25 PSNFSS-v9.3 (SPQR) 
)
(/usr/share/texmf-dist/tex/latex/graphics/color.sty
Package: color 2022/01/06 v1.3d Standard LaTeX Color (DPC)

(/usr/share/texmf-dist/tex/latex/graphics-cfg/color.cfg
File: color.cfg 2016/01/02 v1.6 sample color configuration
)
Package color Info: Driver file: pdftex.def on input line 149.

(/usr/share/texmf-dist/tex/latex/graphics-def/pdftex.def
File: pdftex.def 2022/09/22 v1.2b Graphics/color driver for pdftex
)
(/usr/share/texmf-dist/tex/latex/graphics/mathcolor.ltx))
(/usr/share/texmf-dist/tex/latex/hyperref/hyperref.sty
Package: hyperref 2023-02-07 v7.00v Hypertext links for LaTeX

(/usr/share/texmf-dist/tex/generic/ltxcmds/ltxcmds.sty
Package: ltxcmds 2020-05-10 v1.25 LaTeX kernel commands for general use (HO)
)
(/usr/share/texmf-dist/tex/generic/pdftexcmds/pdftexcmds.sty
Package: pdftexcmds 2020-06-27 v0.33 Utility functions of pdfTeX for LuaTeX (HO
)

(/usr/share/texmf-dist/tex/generic/infwarerr/infwarerr.sty
Package: infwarerr 2019/12/03 v1.5 Providing info/warning/error messages (HO)
)
Package pdftexcmds Info: \pdf@primitive is available.
Package pdftexcmds Info: \pdf@ifprimitive is available.
Package pdftexcmds Info: \pdfdraftmode found.
)
(/usr/share/texmf-dist/tex/latex/graphics/keyval.sty
Package: keyval 2022/05/29 v1.15 key=value parser (DPC)
\KV@toks@=\toks24
)
(/usr/share/texmf-dist/tex/latex/kvsetkeys/kvsetkeys.sty
Package: kvsetkeys 2022-10-05 v1.19 Key value parser (HO)
)
(/usr/share/texmf-dist/tex/generic/kvdefinekeys/kvdefinekeys.sty
Package: kvdefinekeys 2019-12-19 v1.6 Define keys (HO)
)
(/usr/share/texmf-dist/tex/generic/pdfescape/pdfescape.sty
Package: pdfescape 2019/12/09 v1.15 Implements pdfTeX's escape features (HO)
)
(/usr/share/texmf-dist/tex/latex/hycolor/hycolor.sty
Package: hycolor 2020-01-27 v1.10 Color options for hyperref/bookmark (HO)
)
(/usr/share/texmf-dist/tex/latex/letltxmacro/letltxmacro.sty
Package: letltxmacro 2019/12/03 v1.6 Let assignment for LaTeX macros (HO)
)
(/usr/share/texmf-dist/tex/latex/auxhook/auxhook.sty
Package: auxhook 2019-12-17 v1.6 Hooks for auxiliary files (HO)
)
(/usr/share/texmf-dist/tex/latex/hyperref/nameref.sty
Package: nameref 2022-05-17 v2.50 Cross-referencing by name of section

(/usr/share/texmf-dist/tex/latex/refcount/refcount.sty
Package: refcount 2019/12/15 v3.6 Data extraction from label references (HO)
)
(/usr/share/texmf-dist/tex/generic/gettitlestring/gettitlestring.sty
Package: gettitlestring 2019/12/15 v1.6 Cleanup title references (HO)

(/usr/share/texmf-dist/tex/latex/kvoptions/kvoptions.sty
Package: kvoptions 2022-06-15 v3.15 Key value format for package options (HO)
))
\c@section@level=\count277
)
\@linkdim=\dimen151
\Hy@linkcounter=\count278
\Hy@pagecounter=\count279

(/usr/share/texmf-dist/tex/latex/hyperref/pd1enc.def
File: pd1enc.def 2023-02-07 v7.00v Hyperref: PDFDocEncoding definition (HO)
Now handling font encoding PD1 ...
... no UTF-8 mapping file for font encoding PD1
)
(/usr/share/texmf-dist/tex/generic/intcalc/intcalc.sty
Package: intcalc 2019/12/15 v1.3 Expandable calculations with integers (HO)
)
(/usr/share/texmf-dist/tex/generic/etexcmds/etexcmds.sty
Package: etexcmds 2019/12/15 v1.7 Avoid name clashes with e-TeX commands (HO)
)
\Hy@SavedSpaceFactor=\count280

(/usr/share/texmf-dist/tex/latex/hyperref/puenc.def
File: puenc.def 2023-02-07 v7.00v Hyperref: PDF Unicode definition (HO)
Now handling font encoding PU ...
... no UTF-8 mapping file for font encoding PU
)
Package hyperref Info: Hyper figures OFF on input line 4177.
Package hyperref Info: Link nesting OFF on input line 4182.
Package hyperref Info: Hyper index ON on input line 4185.
Package hyperref Info: Plain pages OFF on input line 4192.
Package hyperref Info: Backreferencing OFF on input line 4197.
Package hyperref Info: Implicit mode ON; LaTeX internals redefined.
Package hyperref Info: Bookmarks ON on input line 4425.
\c@Hy@tempcnt=\count281
LaTeX Info: Redefining \url on input line 4763.
\XeTeXLinkMargin=\dimen152

(/usr/share/texmf-dist/tex/generic/bitset/bitset.sty
Package: bitset 2019/12/09 v1.3 Handle bit-vector datatype (HO)

(/usr/share/texmf-dist/tex/generic/bigintcalc/bigintcalc.sty
Package: bigintcalc 2019/12/15 v1.5 Expandable calculations on big integers (HO
)
))
\Fld@menulength=\count282
\Field@Width=\dimen153
\Fld@charsize=\dimen154
Package hyperref Info: Hyper figures OFF on input line 6042.
Package hyperref Info: Link nesting OFF on input line 6047.
Package hyperref Info: Hyper index ON on input line 6050.
Package hyperref Info: backreferencing OFF on input line 6057.
Package hyperref Info: Link coloring OFF on input line 6062.
Package hyperref Info: Link coloring with OCG OFF on input line 6067.
Package hyperref Info: PDF/A mode OFF on input line 6072.

(/usr/share/texmf-dist/tex/latex/base/atbegshi-ltx.sty
Package: atbegshi-ltx 2021/01/10 v1.0c Emulation of the original atbegshi
package with kernel methods
)
\Hy@abspage=\count283
\c@Item=\count284
\c@Hfootnote=\count285
)
Package hyperref Info: Driver (autodetected): hpdftex.

(/usr/share/texmf-dist/tex/latex/hyperref/hpdftex.def
File: hpdftex.def 2023-02-07 v7.00v Hyperref driver for pdfTeX

(/usr/share/texmf-dist/tex/latex/base/atveryend-ltx.sty
Package: atveryend-ltx 2020/08/19 v1.0a Emulation of the original atveryend pac
kage
with kernel methods
)
\Fld@listcount=\count286
\c@bookmark@seq@number=\count287

(/usr/share/texmf-dist/tex/latex/rerunfilecheck/rerunfilecheck.sty
Package: rerunfilecheck 2022-07-10 v1.10 Rerun checks for auxiliary files (HO)

(/usr/share/texmf-dist/tex/generic/uniquecounter/uniquecounter.sty
Package: uniquecounter 2019/12/15 v1.4 Provide unlimited unique counter (HO)
)
Package uniquecounter Info: New unique counter `rerunfilecheck' on input line 2
85.
)
\Hy@SectionHShift=\skip58
)
Package hyperref Info: Option `colorlinks' set `true' on input line 390.
Package hyperref Info: Option `linktocpage' set `true' on input line 390.
Package hyperref Info: Option `plainpages' set `false' on input line 390.
)
(/usr/share/texmf-dist/tex/latex/base/makeidx.sty
Package: makeidx 2021/10/04 v1.0m Standard LaTeX package
)
(/usr/share/texmf-dist/tex/latex/base/inputenc.sty
Package: inputenc 2021/02/14 v1.3d Input encoding file
\inpenc@prehook=\toks25
\inpenc@posthook=\toks26
)
\@indexfile=\write3
\openout3 = `Rd2.idx'.


Writing index file Rd2.idx
LaTeX Font Info:    Trying to load font information for T1+ptm on input line 8.

(/usr/share/texmf-dist/tex/latex/psnfss/t1ptm.fd
File: t1ptm.fd 2001/06/04 font definitions for T1/ptm.
)
(/usr/share/texmf-dist/tex/latex/l3backend/l3backend-pdftex.def
File: l3backend-pdftex.def 2023-01-16 L3 backend support: PDF output (pdfTeX)
\l__color_backend_stack_int=\count288
\l__pdf_internal_box=\box58
)
(/tmp/Rtmp8eLHv7/Rd2pdfa6ac85c60f047/Rd2.aux)
\openout1 = `Rd2.aux'.

LaTeX Font Info:    Checking defaults for OML/cmm/m/it on input line 8.
LaTeX Font Info:    ... okay on input line 8.
LaTeX Font Info:    Checking defaults for OMS/cmsy/m/n on input line 8.
LaTeX Font Info:    ... okay on input line 8.
LaTeX Font Info:    Checking defaults for OT1/cmr/m/n on input line 8.
LaTeX Font Info:    ... okay on input line 8.
LaTeX Font Info:    Checking defaults for T1/cmr/m/n on input line 8.
LaTeX Font Info:    ... okay on input line 8.
LaTeX Font Info:    Checking defaults for TS1/cmr/m/n on input line 8.
LaTeX Font Info:    ... okay on input line 8.
LaTeX Font Info:    Checking defaults for OMX/cmex/m/n on input line 8.
LaTeX Font Info:    ... okay on input line 8.
LaTeX Font Info:    Checking defaults for U/cmr/m/n on input line 8.
LaTeX Font Info:    ... okay on input line 8.
LaTeX Font Info:    Checking defaults for PD1/pdf/m/n on input line 8.
LaTeX Font Info:    ... okay on input line 8.
LaTeX Font Info:    Checking defaults for PU/pdf/m/n on input line 8.
LaTeX Font Info:    ... okay on input line 8.

(/usr/share/texmf-dist/tex/context/base/mkii/supp-pdf.mkii
[Loading MPS to PDF converter (version 2006.09.02).]
\scratchcounter=\count289
\scratchdimen=\dimen155
\scratchbox=\box59
\nofMPsegments=\count290
\nofMParguments=\count291
\everyMPshowfont=\toks27
\MPscratchCnt=\count292
\MPscratchDim=\dimen156
\MPnumerator=\count293
\makeMPintoPDFobject=\count294
\everyMPtoPDFconversion=\toks28
)
Package hyperref Info: Link coloring ON on input line 8.
 (/tmp/Rtmp8eLHv7/Rd2pdfa6ac85c60f047/Rd2.out)
(/tmp/Rtmp8eLHv7/Rd2pdfa6ac85c60f047/Rd2.out)
\@outlinefile=\write4
\openout4 = `Rd2.out'.

LaTeX Font Info:    Trying to load font information for TS1+ptm on input line 2
1.

(/usr/share/texmf-dist/tex/latex/psnfss/ts1ptm.fd
File: ts1ptm.fd 2001/06/04 font definitions for TS1/ptm.
)
LaTeX Font Info:    Trying to load font information for T1+pcr on input line 30
.

(/usr/share/texmf-dist/tex/latex/psnfss/t1pcr.fd
File: t1pcr.fd 2001/06/04 font definitions for T1/pcr.
)
LaTeX Font Info:    Trying to load font information for T1+phv on input line 32
.

(/usr/share/texmf-dist/tex/latex/psnfss/t1phv.fd
File: t1phv.fd 2020/03/25 scalable font definitions for T1/phv.
)
(/tmp/Rtmp8eLHv7/Rd2pdfa6ac85c60f047/Rd2.toc
LaTeX Font Info:    Trying to load font information for U+msa on input line 1.

(/usr/share/texmf-dist/tex/latex/amsfonts/umsa.fd
File: umsa.fd 2013/01/14 v3.01 AMS symbols A
)
LaTeX Font Info:    Trying to load font information for U+msb on input line 1.

(/usr/share/texmf-dist/tex/latex/amsfonts/umsb.fd
File: umsb.fd 2013/01/14 v3.01 AMS symbols B
)
LaTeX Font Info:    Trying to load font information for U+rsfs on input line 1.


(/usr/share/texmf-dist/tex/latex/jknapltx/ursfs.fd
File: ursfs.fd 1998/03/24 rsfs font definition file (jk)
) [1


{/var/lib/texmf/fonts/map/pdftex/updmap/pdftex.map}{/usr/share/texmf-dist/fonts
/enc/dvips/base/8r.enc}])
\tf@toc=\write5
\openout5 = `Rd2.toc'.

[2]
Overfull \hbox (69.18036pt too wide) in paragraph at lines 60--60
 []\T1/pcr/m/n/9 df <- data.frame("mod"=c("first", "seco", "seco", "first", "fi
rst", "third", "first"), 
 []


Overfull \hbox (36.7804pt too wide) in paragraph at lines 66--66
 []\T1/pcr/m/n/9 all_stat(inpt_v=c("first", "seco"), var_add = c("var1", "var2"
, "var3", "var4"),[] 
 []


Overfull \hbox (150.18027pt too wide) in paragraph at lines 67--67
 [] \T1/pcr/m/n/9 stat_var=c("sum", "mean", "median", "sd", "occu-var2/", "occu
-var4/", "variance", "quantile-0.75/"),[] 
 []

[3]
Overfull \hbox (52.98038pt too wide) in paragraph at lines 117--117
 []\T1/pcr/m/n/9 df2 <- data.frame("val"=c(3, 7, 2, 4, 1, 2), "ids"=c("a", "z",
 "z", "a", "a", "a"),[] 
 []


Overfull \hbox (20.58041pt too wide) in paragraph at lines 128--128
 [] \T1/pcr/m/n/9 ids val ids last second_ids val ids  bool second_ids val ids 
last second_ids[] 
 []


Overfull \hbox (25.98041pt too wide) in paragraph at lines 129--129
 []\T1/pcr/m/n/9 3 z12   2   z  non         12   7   z FALSE         12   2   z
  non         12[] 
 []


Overfull \hbox (47.58038pt too wide) in paragraph at lines 131--131
 []\T1/pcr/m/n/9 print(any_join_df(inpt_df_l=list(df1, df2, df3), join_type="in
ner", id_v=c("ids"),[] 
 []


Overfull \hbox (20.58041pt too wide) in paragraph at lines 134--134
 [] \T1/pcr/m/n/9 ids val ids last second_ids val ids  bool second_ids val ids 
last second_ids[] 
 []


Overfull \hbox (25.98041pt too wide) in paragraph at lines 135--135
 []\T1/pcr/m/n/9 2   a   1   a  oui         11   3   a  TRUE         13   1   a
  oui         13[] 
 []


Overfull \hbox (25.98041pt too wide) in paragraph at lines 136--136
 []\T1/pcr/m/n/9 3   z   2   z  non         12   7   z FALSE         12   2   z
  non         12[] 
 []


Overfull \hbox (25.98041pt too wide) in paragraph at lines 137--137
 []\T1/pcr/m/n/9 4   a   4   a  oui          8   4   a FALSE         34   9   a
  oui         11[] 
 []


Overfull \hbox (31.3804pt too wide) in paragraph at lines 139--139
 []\T1/pcr/m/n/9 print(any_join_df(inpt_df_l=list(df1, df2, df3), join_type=c(1
), id_v=c("ids"),[] 
 []

[4]
Overfull \hbox (123.1803pt too wide) in paragraph at lines 153--153
 []\T1/pcr/m/n/9 print(any_join_df(inpt_df_l=list(df2, df1, df3), join_type=c(1
, 3), id_v=c("ids", "second_ids"),[] 
 []


Overfull \hbox (4.38043pt too wide) in paragraph at lines 156--156
 []\T1/pcr/m/n/9 1  a13    3    a  TRUE         13 <NA> <NA> <NA>       <NA>   
 1    a  oui[] 
 []


Overfull \hbox (4.38043pt too wide) in paragraph at lines 157--157
 []\T1/pcr/m/n/9 2  z12    7    z FALSE         12    2    z  non         12   
 2    z  non[] 
 []


Overfull \hbox (4.38043pt too wide) in paragraph at lines 158--158
 []\T1/pcr/m/n/9 3   z8    2    z FALSE          8 <NA> <NA> <NA>       <NA> <N
A> <NA> <NA>[] 
 []


Overfull \hbox (4.38043pt too wide) in paragraph at lines 159--159
 []\T1/pcr/m/n/9 4  a34    4    a FALSE         34 <NA> <NA> <NA>       <NA> <N
A> <NA> <NA>[] 
 []


Overfull \hbox (4.38043pt too wide) in paragraph at lines 160--160
 []\T1/pcr/m/n/9 5  a22    1    a  TRUE         22 <NA> <NA> <NA>       <NA> <N
A> <NA> <NA>[] 
 []


Overfull \hbox (4.38043pt too wide) in paragraph at lines 161--161
 []\T1/pcr/m/n/9 6  a12    2    a  TRUE         12 <NA> <NA> <NA>       <NA> <N
A> <NA> <NA>[] 
 []


Overfull \hbox (4.38043pt too wide) in paragraph at lines 162--162
 []\T1/pcr/m/n/9 7  a13 <NA> <NA>  <NA>       <NA> <NA> <NA> <NA>       <NA> <N
A> <NA> <NA>[] 
 []


Overfull \hbox (4.38043pt too wide) in paragraph at lines 163--163
 []\T1/pcr/m/n/9 8  a11 <NA> <NA>  <NA>       <NA>    1    a  oui         11   
 9    a  oui[] 
 []


Overfull \hbox (4.38043pt too wide) in paragraph at lines 164--164
 []\T1/pcr/m/n/9 9  z12 <NA> <NA>  <NA>       <NA> <NA> <NA> <NA>       <NA> <N
A> <NA> <NA>[] 
 []


Overfull \hbox (4.38043pt too wide) in paragraph at lines 165--165
 []\T1/pcr/m/n/9 10  a8 <NA> <NA>  <NA>       <NA>    4    a  oui          8   
 4    a  oui[] 
 []


Overfull \hbox (31.3804pt too wide) in paragraph at lines 178--178
 []\T1/pcr/m/n/9 print(any_join_df(inpt_df_l=list(df1, df2, df3), join_type=c(1
), id_v=c("ids"),[] 
 []


Overfull \hbox (18.78088pt too wide) in paragraph at lines 202--202
 []\T1/pcr/m/n/10 append_row(df_in, df, hmn = 1, na_col = c(), unique_do_not_kn
ow = NA) 
 []


Overfull \hbox (2.20773pt too wide) in paragraph at lines 208--209
[]\T1/ptm/m/n/10 is the dataframe from which the row will ap-pend to an-other o
r the same dataframe 
 []

[5] [6] [7]
Overfull \hbox (9.78043pt too wide) in paragraph at lines 349--349
 []\T1/pcr/m/n/9 print(chr_removr(inpt_v=c("oui?", "!oui??", "non", "!non"), pt
rn_v=c("?"))) 
 []


Overfull \hbox (36.7804pt too wide) in paragraph at lines 352--352
 []\T1/pcr/m/n/9 print(chr_removr(inpt_v=c("oui?", "!oui??", "non", "!non"), pt
rn_v=c("?", "!")))[] 
 []

[8]
Overfull \hbox (112.38031pt too wide) in paragraph at lines 395--395
 []\T1/pcr/m/n/9 print(closer_ptrn(inpt_v=c("bonjour", "lpoerc", "nonnour", "bo
nnour", "nonjour", "aurevoir")))[] 
 []

[9]
Overfull \hbox (279.78012pt too wide) in paragraph at lines 450--450
 []\T1/pcr/m/n/9 print(closer_ptrn(inpt_v=c("bonjour", "lpoerc", "nonnour", "bo
nnour", "nonjour", "aurevoir"), excl_v=c("nonnour", "nonjour"),[] 
 []


Underfull \vbox (badness 10000) has occurred while \output is active []

 [10]
Overfull \hbox (263.58014pt too wide) in paragraph at lines 526--526
 []\T1/pcr/m/n/9 print(closer_ptrn_adv(inpt_v=c("aurevoir", "bonnour", "nonnour
", "fin", "mois", "bonjour"), res="word", c_word="bonjour")) 
 []


Overfull \hbox (42.18039pt too wide) in paragraph at lines 534--534
 []\T1/pcr/m/n/9 print(closer_ptrn_adv(inpt_v=c("aurevoir", "bonnour", "nonnour
", "fin", "mois")))[] 
 []

[11] [12]
Overfull \hbox (25.98041pt too wide) in paragraph at lines 607--607
 [] \T1/pcr/m/n/9 print(clusterizer_v(inpt_v=sample.int(20, 26, replace=T), w_v
=NA, c_val=0.9)) 
 []


Overfull \hbox (20.58041pt too wide) in paragraph at lines 630--630
 []\T1/pcr/m/n/9 [1] "1"  "2"  "-"  "4"  "4"  "-"  "6"  "10" "-"  "12" "12" "-"
  "14" "16" "-"[] 
 []


Overfull \hbox (52.98038pt too wide) in paragraph at lines 633--633
 []\T1/pcr/m/n/9 print(clusterizer_v(inpt_v=sample.int(40, 26, replace=T), w_v=
letters, c_val=0.29))[] 
 []

[13] [14]
Overfull \hbox (120.78088pt too wide) in paragraph at lines 726--726
 []  \T1/pcr/m/n/10 str_source = c("a", "b", "c", "d", "e", "f", "g", "h", "i",
 "j", "k", "l", "m", "n",[] 
 []

[15] [16] [17] [18]
Overfull \hbox (17.56721pt too wide) in paragraph at lines 966--967
[]\T1/ptm/m/n/10 Allow to find the min-i-mum or the max-i-mum of a date in a ve
c-tor. The for-mat of dates is Year/Month/Day. 
 []

[19]
Overfull \hbox (193.38022pt too wide) in paragraph at lines 1007--1007
 []\T1/pcr/m/n/9 print(extrt_only_v(inpt_v=c("oui", "non", "peut", "oo", "ll", 
"oui", "non", "oui", "oui"), pttrn_v=c("oui"))) 
 []

[20] [21]
Overfull \hbox (20.58041pt too wide) in paragraph at lines 1105--1105
 []\T1/pcr/m/n/9 print(fittr_v(f_v=c("non", "non", "non", "oui"), w_v=c("oui", 
"non", "non"))) 
 []


Overfull \hbox (247.38016pt too wide) in paragraph at lines 1125--1125
 []\T1/pcr/m/n/9 print(fixer_nest_v(cur_v=c("oui", "non", "peut-etre", "oui", "
non", "peut-etre"), pttrn_v=c("oui", "non", "peut-etre"), 
 []


Overfull \hbox (177.18024pt too wide) in paragraph at lines 1130--1130
 []\T1/pcr/m/n/9 print(fixer_nest_v(cur_v=c("oui", "non", "peut-etre", "oui", "
non", "peut-etre"), pttrn_v=c("oui", "non"),[] 
 []

[22]
Overfull \hbox (1.5473pt too wide) in paragraph at lines 1177--1178
[]\T1/ptm/m/n/10 is the dataframe con-tain-ing the co-or-diantes of the es-tab-
lished ge-o-graph-i-cal points 
 []

[23]
Overfull \hbox (52.98038pt too wide) in paragraph at lines 1246--1246
 []\T1/pcr/m/n/9 globe(lat_f=23, long_f=112, alt_f=NA, lat_n=c(2, 82), long_n=c
(165, -55), alt_n=NA) 
 []


Overfull \hbox (72.78088pt too wide) in paragraph at lines 1258--1258
 []\T1/pcr/m/n/10 groupr_df(inpt_df, condition_lst, val_lst, conjunction_lst, r
tn_val_pos = c()) 
 []

[24] [25] [26] [27]
Overfull \hbox (231.18018pt too wide) in paragraph at lines 1426--1426
 []\T1/pcr/m/n/9 [[0, 0.1, 0.2, 0.3, 0.4, 0.5, 0.6, 0.7, 0.8, 0.9, 1.0, 1.1, 1.
2, 1.3, 1.4, 1.5, 1.6, 1.7, 1.8, 1.9, 2.0, 2.1, 2.2, 2[] 
 []


Overfull \hbox (231.18018pt too wide) in paragraph at lines 1427--1427
 []\T1/pcr/m/n/9 .3, 2.4, 2.5, 2.6, 2.7, 2.8, 2.9, 3.0, 3.1, 3.2, 3.3, 3.4, 3.5
, 3.6, 3.7, 3.8, 3.9, 4.0], [0, 0.1, 0.2, 0.3, 0.4, 0.[] 
 []


Overfull \hbox (231.18018pt too wide) in paragraph at lines 1428--1428
 []\T1/pcr/m/n/9 5, 0.6, 0.7, 0.8, 0.9, 1.0, 1.1, 1.2, 1.3, 1.4, 1.5, 1.6, 1.7,
 1.8, 1.9, 2.0, 2.1, 2.2, 2.3, 2.4, 2.5, 2.6, 2.7, 2.8[] 
 []


Overfull \hbox (231.18018pt too wide) in paragraph at lines 1429--1429
 []\T1/pcr/m/n/9 , 2.9, 3.0, 3.1, 3.2, 3.3, 3.4, 3.5, 3.6, 3.7, 3.8, 3.9, 4.0],
 [1, 1.1, 1.2, 1.3, 1.4, 1.5, 1.6, 1.7, 1.8, 1.9, 2.0,[] 
 []

[28] [29] [30]
Overfull \hbox (54.78088pt too wide) in paragraph at lines 1593--1593
 []\T1/pcr/m/n/10 nestr_df1(inptf_df, inptt_pos_df, nestr_df, yes_val = T, inpt
t_neg_df = NA) 
 []


Overfull \hbox (31.3804pt too wide) in paragraph at lines 1616--1616
 []\T1/pcr/m/n/9 nestr_df=data.frame(c(TRUE, FALSE, TRUE), c(FALSE, FALSE, TRUE
)), yes_val=TRUE)[] 
 []

[31]
Overfull \hbox (106.98032pt too wide) in paragraph at lines 1649--1649
 []\T1/pcr/m/n/9 rtn_neg="no", nestr_df=data.frame(c(TRUE, FALSE, TRUE), c(FALS
E, FALSE, TRUE)), yes_val=TRUE)[] 
 []


Overfull \hbox (193.38022pt too wide) in paragraph at lines 1679--1679
 []\T1/pcr/m/n/9 print(nest_v(f_v=c(1, 2, 3, 4, 5, 6), t_v=c("oui", "oui2", "ou
i3", "oui4", "oui5", "oui6"), step=2, after=2)) 
 []

[32] [33] [34]
Overfull \hbox (48.78088pt too wide) in paragraph at lines 1808--1808
 []\T1/pcr/m/n/10 pattern_tuning(pattrn, spe_nb, spe_l, exclude_type, hmn = 1, 
rg = c(0, 0)) 
 []


Overfull \hbox (78.78088pt too wide) in paragraph at lines 1836--1836
 []\T1/pcr/m/n/10 ptrn_switchr(inpt_l, f_idx_l = c(), t_idx_l = c(), sep = "-",
 default_val = NA) 
 []

[35]
Overfull \hbox (54.78088pt too wide) in paragraph at lines 1871--1871
 []\T1/pcr/m/n/10 ptrn_twkr(inpt_l, depth = "max", sep = "-", default_val = "0"
, add_sep = T) 
 []

[36]
Overfull \hbox (69.18036pt too wide) in paragraph at lines 1921--1921
 []\T1/pcr/m/n/9 print(rearangr_v(inpt_v=c(23, 21, 56), w_v=c("oui", "peut", "n
on"), how="decreasing")) 
 []


Overfull \hbox (48.78088pt too wide) in paragraph at lines 1934--1934
 []\T1/pcr/m/n/10 see_df(df, condition_l, val_l, conjunction_l = c(), rt_val = 
T, f_val = F) 
 []

[37] [38]
Overfull \hbox (78.78088pt too wide) in paragraph at lines 2013--2013
 []\T1/pcr/m/n/10 see_inside(pattern_, path_ = ".", sep_ = c(","), unique_sep =
 "#####", rec = F) 
 []


Overfull \hbox (16.64742pt too wide) in paragraph at lines 2027--2033
\T1/ptm/m/n/10 sheet name as-so-cianted with, do the fol-low-ing: Ex-am-ples: p
rint(x[(grep(unique_sep,
 []


Overfull \hbox (77.37729pt too wide) in paragraph at lines 2027--2033
\T1/ptm/m/n/10 x)[][]1[][][]+1):length(x)]) #If you just want to see the column
s do the fol-low-ing: print(x[][]1:(grep(unique_sep,
 []

[39]
Overfull \hbox (60.78088pt too wide) in paragraph at lines 2044--2044
 []\T1/pcr/m/n/10 unique_ltr_from_v(inpt_v, keep_v = c("?", "!", ":", "&", ",",
 ".", letters)) 
 []


Overfull \hbox (144.78027pt too wide) in paragraph at lines 2058--2058
 []\T1/pcr/m/n/9 print(unique_ltr_from_v(inpt_v=c("bonjour", "lpoerc", "nonnour
", "bonnour", "nonjour", "aurevoir"))) 
 []

[40] [41] [42] (/tmp/Rtmp8eLHv7/Rd2pdfa6ac85c60f047/Rd2.ind [43] [44

])
(/tmp/Rtmp8eLHv7/Rd2pdfa6ac85c60f047/Rd2.aux)
Package rerunfilecheck Info: File `Rd2.out' has not changed.
(rerunfilecheck)             Checksum: C1DC0A2DCF1833A555727BE435E9CEFF;7063.
 ) 
Here is how much of TeX's memory you used:
 10579 strings out of 477985
 161224 string characters out of 5840058
 1873388 words of memory out of 5000000
 30196 multiletter control sequences out of 15000+600000
 552560 words of font info for 81 fonts, out of 8000000 for 9000
 14 hyphenation exceptions out of 8191
 92i,6n,92p,660b,726s stack positions out of 10000i,1000n,20000p,200000b,200000s

pdfTeX warning (dest): name{Rfn.1:\(grep\(unique.Rul.sep,\040x\)\040.Rdash.\040
1\)} has been referenced but does not exist, replaced by a fixed one


pdfTeX warning (dest): name{Rfn.1} has been referenced but does not exist, repl
aced by a fixed one

</usr/share/texmf-dist/fonts/type1/urw/courier/ucrr8a.pfb></usr/share/texmf-dis
t/fonts/type1/urw/helvetic/uhvr8a.pfb></usr/share/texmf-dist/fonts/type1/urw/ti
mes/utmb8a.pfb></usr/share/texmf-dist/fonts/type1/urw/times/utmr8a.pfb></usr/sh
are/texmf-dist/fonts/type1/urw/times/utmr8a.pfb></usr/share/texmf-dist/fonts/ty
pe1/urw/times/utmri8a.pfb>
Output written on Rd2.pdf (44 pages, 154778 bytes).
PDF statistics:
 1008 PDF objects out of 1200 (max. 8388607)
 940 compressed objects within 10 object streams
 402 named destinations out of 1000 (max. 500000)
 529 words of extra memory for PDF output out of 10000 (max. 10000000)

