Hmm ... looks like a package
Converting parsed Rd's to LaTeX ......
Creating pdf output from LaTeX ...

This is pdfTeX, Version 3.141592653-2.6-1.40.25 (TeX Live 2023/Arch Linux) (preloaded format=pdflatex)
 restricted \write18 enabled.
entering extended mode
LaTeX2e <2022-11-01> patch level 1
L3 programming layer <2023-02-22> (./Rd2.tex
(/usr/share/texmf-dist/tex/latex/base/book.cls
Document Class: book 2022/07/02 v1.4n Standard LaTeX document class
(/usr/share/texmf-dist/tex/latex/base/bk10.clo))
(/usr/share/texmf/tex/latex/Rd.sty
(/usr/share/texmf-dist/tex/latex/base/ifthen.sty)
(/usr/share/texmf-dist/tex/latex/tools/longtable.sty)
(/usr/share/texmf-dist/tex/latex/tools/bm.sty)
(/usr/share/texmf-dist/tex/latex/base/alltt.sty)
(/usr/share/texmf-dist/tex/latex/tools/verbatim.sty)
(/usr/share/texmf-dist/tex/latex/url/url.sty)
(/usr/share/texmf-dist/tex/latex/base/textcomp.sty)
(/usr/share/texmf-dist/tex/latex/amsmath/amsmath.sty
For additional information on amsmath, use the `?' option.
(/usr/share/texmf-dist/tex/latex/amsmath/amstext.sty
(/usr/share/texmf-dist/tex/latex/amsmath/amsgen.sty))
(/usr/share/texmf-dist/tex/latex/amsmath/amsbsy.sty)
(/usr/share/texmf-dist/tex/latex/amsmath/amsopn.sty))
(/usr/share/texmf-dist/tex/latex/amsfonts/amsfonts.sty)
(/usr/share/texmf-dist/tex/latex/amsfonts/amssymb.sty)
(/usr/share/texmf-dist/tex/latex/jknapltx/mathrsfs.sty)
(/usr/share/texmf-dist/tex/generic/iftex/iftex.sty)
(/usr/share/texmf-dist/tex/latex/base/fontenc.sty)
(/usr/share/texmf-dist/tex/latex/psnfss/times.sty)
(/usr/share/texmf-dist/tex/latex/graphics/color.sty
(/usr/share/texmf-dist/tex/latex/graphics-cfg/color.cfg)
(/usr/share/texmf-dist/tex/latex/graphics-def/pdftex.def)
(/usr/share/texmf-dist/tex/latex/graphics/mathcolor.ltx))
(/usr/share/texmf-dist/tex/latex/hyperref/hyperref.sty
(/usr/share/texmf-dist/tex/generic/ltxcmds/ltxcmds.sty)
(/usr/share/texmf-dist/tex/generic/pdftexcmds/pdftexcmds.sty
(/usr/share/texmf-dist/tex/generic/infwarerr/infwarerr.sty))
(/usr/share/texmf-dist/tex/latex/graphics/keyval.sty)
(/usr/share/texmf-dist/tex/latex/kvsetkeys/kvsetkeys.sty)
(/usr/share/texmf-dist/tex/generic/kvdefinekeys/kvdefinekeys.sty)
(/usr/share/texmf-dist/tex/generic/pdfescape/pdfescape.sty)
(/usr/share/texmf-dist/tex/latex/hycolor/hycolor.sty)
(/usr/share/texmf-dist/tex/latex/letltxmacro/letltxmacro.sty)
(/usr/share/texmf-dist/tex/latex/auxhook/auxhook.sty)
(/usr/share/texmf-dist/tex/latex/hyperref/nameref.sty
(/usr/share/texmf-dist/tex/latex/refcount/refcount.sty)
(/usr/share/texmf-dist/tex/generic/gettitlestring/gettitlestring.sty
(/usr/share/texmf-dist/tex/latex/kvoptions/kvoptions.sty)))
(/usr/share/texmf-dist/tex/latex/hyperref/pd1enc.def)
(/usr/share/texmf-dist/tex/generic/intcalc/intcalc.sty)
(/usr/share/texmf-dist/tex/generic/etexcmds/etexcmds.sty)
(/usr/share/texmf-dist/tex/latex/hyperref/puenc.def)
(/usr/share/texmf-dist/tex/generic/bitset/bitset.sty
(/usr/share/texmf-dist/tex/generic/bigintcalc/bigintcalc.sty))
(/usr/share/texmf-dist/tex/latex/base/atbegshi-ltx.sty))
(/usr/share/texmf-dist/tex/latex/hyperref/hpdftex.def
(/usr/share/texmf-dist/tex/latex/base/atveryend-ltx.sty)
(/usr/share/texmf-dist/tex/latex/rerunfilecheck/rerunfilecheck.sty
(/usr/share/texmf-dist/tex/generic/uniquecounter/uniquecounter.sty))))
(/usr/share/texmf-dist/tex/latex/base/makeidx.sty)
(/usr/share/texmf-dist/tex/latex/base/inputenc.sty)
Writing index file Rd2.idx
(/usr/share/texmf-dist/tex/latex/psnfss/t1ptm.fd)
(/usr/share/texmf-dist/tex/latex/l3backend/l3backend-pdftex.def)
No file Rd2.aux.
(/usr/share/texmf-dist/tex/context/base/mkii/supp-pdf.mkii
[Loading MPS to PDF converter (version 2006.09.02).]
) (/usr/share/texmf-dist/tex/latex/psnfss/ts1ptm.fd)
(/usr/share/texmf-dist/tex/latex/psnfss/t1pcr.fd)
(/usr/share/texmf-dist/tex/latex/psnfss/t1phv.fd)
No file Rd2.toc.
(/usr/share/texmf-dist/tex/latex/amsfonts/umsa.fd)
(/usr/share/texmf-dist/tex/latex/amsfonts/umsb.fd)
(/usr/share/texmf-dist/tex/latex/jknapltx/ursfs.fd)
Overfull \hbox (69.18036pt too wide) in paragraph at lines 60--60
 []\T1/pcr/m/n/9 df <- data.frame("mod"=c("first", "seco", "seco", "first", "fi
rst", "third", "first"), 
[1{/var/lib/texmf/fonts/map/pdftex/updmap/pdftex.map}{/usr/share/texmf-dist/fon
ts/enc/dvips/base/8r.enc}]
Overfull \hbox (36.7804pt too wide) in paragraph at lines 66--66
 []\T1/pcr/m/n/9 all_stat(inpt_v=c("first", "seco"), var_add = c("var1", "var2"
, "var3", "var4"),[] 

Overfull \hbox (150.18027pt too wide) in paragraph at lines 67--67
 [] \T1/pcr/m/n/9 stat_var=c("sum", "mean", "median", "sd", "occu-var2/", "occu
-var4/", "variance", "quantile-0.75/"),[] 
[2]
Overfull \hbox (52.98038pt too wide) in paragraph at lines 117--117
 []\T1/pcr/m/n/9 df2 <- data.frame("val"=c(3, 7, 2, 4, 1, 2), "ids"=c("a", "z",
 "z", "a", "a", "a"),[] 

Overfull \hbox (20.58041pt too wide) in paragraph at lines 128--128
 [] \T1/pcr/m/n/9 ids val ids last second_ids val ids  bool second_ids val ids 
last second_ids[] 

Overfull \hbox (25.98041pt too wide) in paragraph at lines 129--129
 []\T1/pcr/m/n/9 3 z12   2   z  non         12   7   z FALSE         12   2   z
  non         12[] 

Overfull \hbox (47.58038pt too wide) in paragraph at lines 131--131
 []\T1/pcr/m/n/9 print(any_join_df(inpt_df_l=list(df1, df2, df3), join_type="in
ner", id_v=c("ids"),[] 

Overfull \hbox (20.58041pt too wide) in paragraph at lines 134--134
 [] \T1/pcr/m/n/9 ids val ids last second_ids val ids  bool second_ids val ids 
last second_ids[] 

Overfull \hbox (25.98041pt too wide) in paragraph at lines 135--135
 []\T1/pcr/m/n/9 2   a   1   a  oui         11   3   a  TRUE         13   1   a
  oui         13[] 

Overfull \hbox (25.98041pt too wide) in paragraph at lines 136--136
 []\T1/pcr/m/n/9 3   z   2   z  non         12   7   z FALSE         12   2   z
  non         12[] 

Overfull \hbox (25.98041pt too wide) in paragraph at lines 137--137
 []\T1/pcr/m/n/9 4   a   4   a  oui          8   4   a FALSE         34   9   a
  oui         11[] 

Overfull \hbox (31.3804pt too wide) in paragraph at lines 139--139
 []\T1/pcr/m/n/9 print(any_join_df(inpt_df_l=list(df1, df2, df3), join_type=c(1
), id_v=c("ids"),[] 

Overfull \hbox (123.1803pt too wide) in paragraph at lines 153--153
 []\T1/pcr/m/n/9 print(any_join_df(inpt_df_l=list(df2, df1, df3), join_type=c(1
, 3), id_v=c("ids", "second_ids"),[] 

Overfull \hbox (4.38043pt too wide) in paragraph at lines 156--156
 []\T1/pcr/m/n/9 1  a13    3    a  TRUE         13 <NA> <NA> <NA>       <NA>   
 1    a  oui[] 

Overfull \hbox (4.38043pt too wide) in paragraph at lines 157--157
 []\T1/pcr/m/n/9 2  z12    7    z FALSE         12    2    z  non         12   
 2    z  non[] 

Overfull \hbox (4.38043pt too wide) in paragraph at lines 158--158
 []\T1/pcr/m/n/9 3   z8    2    z FALSE          8 <NA> <NA> <NA>       <NA> <N
A> <NA> <NA>[] 

Overfull \hbox (4.38043pt too wide) in paragraph at lines 159--159
 []\T1/pcr/m/n/9 4  a34    4    a FALSE         34 <NA> <NA> <NA>       <NA> <N
A> <NA> <NA>[] 

Overfull \hbox (4.38043pt too wide) in paragraph at lines 160--160
 []\T1/pcr/m/n/9 5  a22    1    a  TRUE         22 <NA> <NA> <NA>       <NA> <N
A> <NA> <NA>[] 

Overfull \hbox (4.38043pt too wide) in paragraph at lines 161--161
 []\T1/pcr/m/n/9 6  a12    2    a  TRUE         12 <NA> <NA> <NA>       <NA> <N
A> <NA> <NA>[] 

Overfull \hbox (4.38043pt too wide) in paragraph at lines 162--162
 []\T1/pcr/m/n/9 7  a13 <NA> <NA>  <NA>       <NA> <NA> <NA> <NA>       <NA> <N
A> <NA> <NA>[] 

Overfull \hbox (4.38043pt too wide) in paragraph at lines 163--163
 []\T1/pcr/m/n/9 8  a11 <NA> <NA>  <NA>       <NA>    1    a  oui         11   
 9    a  oui[] 

Overfull \hbox (4.38043pt too wide) in paragraph at lines 164--164
 []\T1/pcr/m/n/9 9  z12 <NA> <NA>  <NA>       <NA> <NA> <NA> <NA>       <NA> <N
A> <NA> <NA>[] 

Overfull \hbox (4.38043pt too wide) in paragraph at lines 165--165
 []\T1/pcr/m/n/9 10  a8 <NA> <NA>  <NA>       <NA>    4    a  oui          8   
 4    a  oui[] 

Underfull \vbox (badness 10000) has occurred while \output is active [3]
Overfull \hbox (31.3804pt too wide) in paragraph at lines 178--178
 []\T1/pcr/m/n/9 print(any_join_df(inpt_df_l=list(df1, df2, df3), join_type=c(1
), id_v=c("ids"),[] 

Overfull \hbox (18.78088pt too wide) in paragraph at lines 202--202
 []\T1/pcr/m/n/10 append_row(df_in, df, hmn = 1, na_col = c(), unique_do_not_kn
ow = NA) 

Overfull \hbox (2.20773pt too wide) in paragraph at lines 208--209
[]\T1/ptm/m/n/10 is the dataframe from which the row will ap-pend to an-other o
r the same dataframe 
[4] [5] [6]
Overfull \hbox (9.78043pt too wide) in paragraph at lines 349--349
 []\T1/pcr/m/n/9 print(chr_removr(inpt_v=c("oui?", "!oui??", "non", "!non"), pt
rn_v=c("?"))) 

Overfull \hbox (36.7804pt too wide) in paragraph at lines 352--352
 []\T1/pcr/m/n/9 print(chr_removr(inpt_v=c("oui?", "!oui??", "non", "!non"), pt
rn_v=c("?", "!")))[] 
[7]
Overfull \hbox (112.38031pt too wide) in paragraph at lines 395--395
 []\T1/pcr/m/n/9 print(closer_ptrn(inpt_v=c("bonjour", "lpoerc", "nonnour", "bo
nnour", "nonjour", "aurevoir")))[] 
[8]
Overfull \hbox (279.78012pt too wide) in paragraph at lines 450--450
 []\T1/pcr/m/n/9 print(closer_ptrn(inpt_v=c("bonjour", "lpoerc", "nonnour", "bo
nnour", "nonjour", "aurevoir"), excl_v=c("nonnour", "nonjour"),[] 

Underfull \vbox (badness 10000) has occurred while \output is active [9]
Overfull \hbox (263.58014pt too wide) in paragraph at lines 526--526
 []\T1/pcr/m/n/9 print(closer_ptrn_adv(inpt_v=c("aurevoir", "bonnour", "nonnour
", "fin", "mois", "bonjour"), res="word", c_word="bonjour")) 

Overfull \hbox (42.18039pt too wide) in paragraph at lines 534--534
 []\T1/pcr/m/n/9 print(closer_ptrn_adv(inpt_v=c("aurevoir", "bonnour", "nonnour
", "fin", "mois")))[] 
[10] [11]
Overfull \hbox (25.98041pt too wide) in paragraph at lines 607--607
 [] \T1/pcr/m/n/9 print(clusterizer_v(inpt_v=sample.int(20, 26, replace=T), w_v
=NA, c_val=0.9)) 

Overfull \hbox (20.58041pt too wide) in paragraph at lines 630--630
 []\T1/pcr/m/n/9 [1] "1"  "2"  "-"  "4"  "4"  "-"  "6"  "10" "-"  "12" "12" "-"
  "14" "16" "-"[] 

Overfull \hbox (52.98038pt too wide) in paragraph at lines 633--633
 []\T1/pcr/m/n/9 print(clusterizer_v(inpt_v=sample.int(40, 26, replace=T), w_v=
letters, c_val=0.29))[] 
[12] [13]
Overfull \hbox (120.78088pt too wide) in paragraph at lines 726--726
 []  \T1/pcr/m/n/10 str_source = c("a", "b", "c", "d", "e", "f", "g", "h", "i",
 "j", "k", "l", "m", "n",[] 
[14] [15] [16] [17]
Overfull \hbox (17.56721pt too wide) in paragraph at lines 966--967
[]\T1/ptm/m/n/10 Allow to find the min-i-mum or the max-i-mum of a date in a ve
c-tor. The for-mat of dates is Year/Month/Day. 
[18]
Overfull \hbox (193.38022pt too wide) in paragraph at lines 1007--1007
 []\T1/pcr/m/n/9 print(extrt_only_v(inpt_v=c("oui", "non", "peut", "oo", "ll", 
"oui", "non", "oui", "oui"), pttrn_v=c("oui"))) 
[19] [20]
Overfull \hbox (20.58041pt too wide) in paragraph at lines 1105--1105
 []\T1/pcr/m/n/9 print(fittr_v(f_v=c("non", "non", "non", "oui"), w_v=c("oui", 
"non", "non"))) 

Overfull \hbox (247.38016pt too wide) in paragraph at lines 1125--1125
 []\T1/pcr/m/n/9 print(fixer_nest_v(cur_v=c("oui", "non", "peut-etre", "oui", "
non", "peut-etre"), pttrn_v=c("oui", "non", "peut-etre"), 

Overfull \hbox (177.18024pt too wide) in paragraph at lines 1130--1130
 []\T1/pcr/m/n/9 print(fixer_nest_v(cur_v=c("oui", "non", "peut-etre", "oui", "
non", "peut-etre"), pttrn_v=c("oui", "non"),[] 
[21]
Overfull \hbox (1.5473pt too wide) in paragraph at lines 1177--1178
[]\T1/ptm/m/n/10 is the dataframe con-tain-ing the co-or-diantes of the es-tab-
lished ge-o-graph-i-cal points 
[22]
Overfull \hbox (52.98038pt too wide) in paragraph at lines 1246--1246
 []\T1/pcr/m/n/9 globe(lat_f=23, long_f=112, alt_f=NA, lat_n=c(2, 82), long_n=c
(165, -55), alt_n=NA) 

Overfull \hbox (72.78088pt too wide) in paragraph at lines 1258--1258
 []\T1/pcr/m/n/10 groupr_df(inpt_df, condition_lst, val_lst, conjunction_lst, r
tn_val_pos = c()) 
[23] [24] [25] [26]
Overfull \hbox (231.18018pt too wide) in paragraph at lines 1426--1426
 []\T1/pcr/m/n/9 [[0, 0.1, 0.2, 0.3, 0.4, 0.5, 0.6, 0.7, 0.8, 0.9, 1.0, 1.1, 1.
2, 1.3, 1.4, 1.5, 1.6, 1.7, 1.8, 1.9, 2.0, 2.1, 2.2, 2[] 

Overfull \hbox (231.18018pt too wide) in paragraph at lines 1427--1427
 []\T1/pcr/m/n/9 .3, 2.4, 2.5, 2.6, 2.7, 2.8, 2.9, 3.0, 3.1, 3.2, 3.3, 3.4, 3.5
, 3.6, 3.7, 3.8, 3.9, 4.0], [0, 0.1, 0.2, 0.3, 0.4, 0.[] 

Overfull \hbox (231.18018pt too wide) in paragraph at lines 1428--1428
 []\T1/pcr/m/n/9 5, 0.6, 0.7, 0.8, 0.9, 1.0, 1.1, 1.2, 1.3, 1.4, 1.5, 1.6, 1.7,
 1.8, 1.9, 2.0, 2.1, 2.2, 2.3, 2.4, 2.5, 2.6, 2.7, 2.8[] 

Overfull \hbox (231.18018pt too wide) in paragraph at lines 1429--1429
 []\T1/pcr/m/n/9 , 2.9, 3.0, 3.1, 3.2, 3.3, 3.4, 3.5, 3.6, 3.7, 3.8, 3.9, 4.0],
 [1, 1.1, 1.2, 1.3, 1.4, 1.5, 1.6, 1.7, 1.8, 1.9, 2.0,[] 
[27] [28] [29]
Overfull \hbox (54.78088pt too wide) in paragraph at lines 1593--1593
 []\T1/pcr/m/n/10 nestr_df1(inptf_df, inptt_pos_df, nestr_df, yes_val = T, inpt
t_neg_df = NA) 

Overfull \hbox (31.3804pt too wide) in paragraph at lines 1616--1616
 []\T1/pcr/m/n/9 nestr_df=data.frame(c(TRUE, FALSE, TRUE), c(FALSE, FALSE, TRUE
)), yes_val=TRUE)[] 
[30]
Overfull \hbox (106.98032pt too wide) in paragraph at lines 1649--1649
 []\T1/pcr/m/n/9 rtn_neg="no", nestr_df=data.frame(c(TRUE, FALSE, TRUE), c(FALS
E, FALSE, TRUE)), yes_val=TRUE)[] 

Overfull \hbox (193.38022pt too wide) in paragraph at lines 1679--1679
 []\T1/pcr/m/n/9 print(nest_v(f_v=c(1, 2, 3, 4, 5, 6), t_v=c("oui", "oui2", "ou
i3", "oui4", "oui5", "oui6"), step=2, after=2)) 
[31] [32] [33]
Overfull \hbox (48.78088pt too wide) in paragraph at lines 1808--1808
 []\T1/pcr/m/n/10 pattern_tuning(pattrn, spe_nb, spe_l, exclude_type, hmn = 1, 
rg = c(0, 0)) 

Overfull \hbox (78.78088pt too wide) in paragraph at lines 1836--1836
 []\T1/pcr/m/n/10 ptrn_switchr(inpt_l, f_idx_l = c(), t_idx_l = c(), sep = "-",
 default_val = NA) 
[34]
Overfull \hbox (54.78088pt too wide) in paragraph at lines 1871--1871
 []\T1/pcr/m/n/10 ptrn_twkr(inpt_l, depth = "max", sep = "-", default_val = "0"
, add_sep = T) 
[35]
Overfull \hbox (69.18036pt too wide) in paragraph at lines 1921--1921
 []\T1/pcr/m/n/9 print(rearangr_v(inpt_v=c(23, 21, 56), w_v=c("oui", "peut", "n
on"), how="decreasing")) 

Overfull \hbox (48.78088pt too wide) in paragraph at lines 1934--1934
 []\T1/pcr/m/n/10 see_df(df, condition_l, val_l, conjunction_l = c(), rt_val = 
T, f_val = F) 
[36] [37]
Overfull \hbox (78.78088pt too wide) in paragraph at lines 2013--2013
 []\T1/pcr/m/n/10 see_inside(pattern_, path_ = ".", sep_ = c(","), unique_sep =
 "#####", rec = F) 

Overfull \hbox (16.64742pt too wide) in paragraph at lines 2027--2033
\T1/ptm/m/n/10 sheet name as-so-cianted with, do the fol-low-ing: Ex-am-ples: p
rint(x[(grep(unique_sep,

Overfull \hbox (77.37729pt too wide) in paragraph at lines 2027--2033
\T1/ptm/m/n/10 x)[][]1[][][]+1):length(x)]) #If you just want to see the column
s do the fol-low-ing: print(x[][]1:(grep(unique_sep,
[38]
Overfull \hbox (60.78088pt too wide) in paragraph at lines 2044--2044
 []\T1/pcr/m/n/10 unique_ltr_from_v(inpt_v, keep_v = c("?", "!", ":", "&", ",",
 ".", letters)) 

Overfull \hbox (144.78027pt too wide) in paragraph at lines 2058--2058
 []\T1/pcr/m/n/9 print(unique_ltr_from_v(inpt_v=c("bonjour", "lpoerc", "nonnour
", "bonnour", "nonjour", "aurevoir"))) 
[39] [40] [41]
No file Rd2.ind.
[42] (/tmp/Rtmp8eLHv7/Rd2pdfa6ac85c60f047/Rd2.aux)

Package rerunfilecheck Warning: File `Rd2.out' has changed.
(rerunfilecheck)                Rerun to get outlines right
(rerunfilecheck)                or use package `bookmark'.

 )
(see the transcript file for additional information)
pdfTeX warning (dest): name{Rfn.1:\(grep\(unique.Rul.sep,\040x\)\040.Rdash.\040
1\)} has been referenced but does not exist, replaced by a fixed one


pdfTeX warning (dest): name{Rfn.1} has been referenced but does not exist, repl
aced by a fixed one

</usr/share/texmf-dist/fonts/type1/urw/courier/ucrr8a.pfb></usr/share/texmf-dis
t/fonts/type1/urw/helvetic/uhvr8a.pfb></usr/share/texmf-dist/fonts/type1/urw/ti
mes/utmb8a.pfb></usr/share/texmf-dist/fonts/type1/urw/times/utmr8a.pfb></usr/sh
are/texmf-dist/fonts/type1/urw/times/utmr8a.pfb></usr/share/texmf-dist/fonts/ty
pe1/urw/times/utmri8a.pfb>
Output written on Rd2.pdf (42 pages, 143018 bytes).
Transcript written on Rd2.log.
This is makeindex, version 2.17 [TeX Live 2023] (kpathsea + Thai support).
Scanning input file Rd2.idx....done (67 entries accepted, 0 rejected).
Sorting entries....done (441 comparisons).
Generating output file Rd2.ind....done (123 lines written, 0 warnings).
Output written in Rd2.ind.
Transcript written in Rd2.ilg.
This is pdfTeX, Version 3.141592653-2.6-1.40.25 (TeX Live 2023/Arch Linux) (preloaded format=pdflatex)
 restricted \write18 enabled.
entering extended mode
LaTeX2e <2022-11-01> patch level 1
L3 programming layer <2023-02-22> (./Rd2.tex
(/usr/share/texmf-dist/tex/latex/base/book.cls
Document Class: book 2022/07/02 v1.4n Standard LaTeX document class
(/usr/share/texmf-dist/tex/latex/base/bk10.clo))
(/usr/share/texmf/tex/latex/Rd.sty
(/usr/share/texmf-dist/tex/latex/base/ifthen.sty)
(/usr/share/texmf-dist/tex/latex/tools/longtable.sty)
(/usr/share/texmf-dist/tex/latex/tools/bm.sty)
(/usr/share/texmf-dist/tex/latex/base/alltt.sty)
(/usr/share/texmf-dist/tex/latex/tools/verbatim.sty)
(/usr/share/texmf-dist/tex/latex/url/url.sty)
(/usr/share/texmf-dist/tex/latex/base/textcomp.sty)
(/usr/share/texmf-dist/tex/latex/amsmath/amsmath.sty
For additional information on amsmath, use the `?' option.
(/usr/share/texmf-dist/tex/latex/amsmath/amstext.sty
(/usr/share/texmf-dist/tex/latex/amsmath/amsgen.sty))
(/usr/share/texmf-dist/tex/latex/amsmath/amsbsy.sty)
(/usr/share/texmf-dist/tex/latex/amsmath/amsopn.sty))
(/usr/share/texmf-dist/tex/latex/amsfonts/amsfonts.sty)
(/usr/share/texmf-dist/tex/latex/amsfonts/amssymb.sty)
(/usr/share/texmf-dist/tex/latex/jknapltx/mathrsfs.sty)
(/usr/share/texmf-dist/tex/generic/iftex/iftex.sty)
(/usr/share/texmf-dist/tex/latex/base/fontenc.sty)
(/usr/share/texmf-dist/tex/latex/psnfss/times.sty)
(/usr/share/texmf-dist/tex/latex/graphics/color.sty
(/usr/share/texmf-dist/tex/latex/graphics-cfg/color.cfg)
(/usr/share/texmf-dist/tex/latex/graphics-def/pdftex.def)
(/usr/share/texmf-dist/tex/latex/graphics/mathcolor.ltx))
(/usr/share/texmf-dist/tex/latex/hyperref/hyperref.sty
(/usr/share/texmf-dist/tex/generic/ltxcmds/ltxcmds.sty)
(/usr/share/texmf-dist/tex/generic/pdftexcmds/pdftexcmds.sty
(/usr/share/texmf-dist/tex/generic/infwarerr/infwarerr.sty))
(/usr/share/texmf-dist/tex/latex/graphics/keyval.sty)
(/usr/share/texmf-dist/tex/latex/kvsetkeys/kvsetkeys.sty)
(/usr/share/texmf-dist/tex/generic/kvdefinekeys/kvdefinekeys.sty)
(/usr/share/texmf-dist/tex/generic/pdfescape/pdfescape.sty)
(/usr/share/texmf-dist/tex/latex/hycolor/hycolor.sty)
(/usr/share/texmf-dist/tex/latex/letltxmacro/letltxmacro.sty)
(/usr/share/texmf-dist/tex/latex/auxhook/auxhook.sty)
(/usr/share/texmf-dist/tex/latex/hyperref/nameref.sty
(/usr/share/texmf-dist/tex/latex/refcount/refcount.sty)
(/usr/share/texmf-dist/tex/generic/gettitlestring/gettitlestring.sty
(/usr/share/texmf-dist/tex/latex/kvoptions/kvoptions.sty)))
(/usr/share/texmf-dist/tex/latex/hyperref/pd1enc.def)
(/usr/share/texmf-dist/tex/generic/intcalc/intcalc.sty)
(/usr/share/texmf-dist/tex/generic/etexcmds/etexcmds.sty)
(/usr/share/texmf-dist/tex/latex/hyperref/puenc.def)
(/usr/share/texmf-dist/tex/generic/bitset/bitset.sty
(/usr/share/texmf-dist/tex/generic/bigintcalc/bigintcalc.sty))
(/usr/share/texmf-dist/tex/latex/base/atbegshi-ltx.sty))
(/usr/share/texmf-dist/tex/latex/hyperref/hpdftex.def
(/usr/share/texmf-dist/tex/latex/base/atveryend-ltx.sty)
(/usr/share/texmf-dist/tex/latex/rerunfilecheck/rerunfilecheck.sty
(/usr/share/texmf-dist/tex/generic/uniquecounter/uniquecounter.sty))))
(/usr/share/texmf-dist/tex/latex/base/makeidx.sty)
(/usr/share/texmf-dist/tex/latex/base/inputenc.sty)
Writing index file Rd2.idx
(/usr/share/texmf-dist/tex/latex/psnfss/t1ptm.fd)
(/usr/share/texmf-dist/tex/latex/l3backend/l3backend-pdftex.def)
(/tmp/Rtmp8eLHv7/Rd2pdfa6ac85c60f047/Rd2.aux)
(/usr/share/texmf-dist/tex/context/base/mkii/supp-pdf.mkii
[Loading MPS to PDF converter (version 2006.09.02).]
) (/tmp/Rtmp8eLHv7/Rd2pdfa6ac85c60f047/Rd2.out)
(/tmp/Rtmp8eLHv7/Rd2pdfa6ac85c60f047/Rd2.out)
(/usr/share/texmf-dist/tex/latex/psnfss/ts1ptm.fd)
(/usr/share/texmf-dist/tex/latex/psnfss/t1pcr.fd)
(/usr/share/texmf-dist/tex/latex/psnfss/t1phv.fd)
(/tmp/Rtmp8eLHv7/Rd2pdfa6ac85c60f047/Rd2.toc
(/usr/share/texmf-dist/tex/latex/amsfonts/umsa.fd)
(/usr/share/texmf-dist/tex/latex/amsfonts/umsb.fd)
(/usr/share/texmf-dist/tex/latex/jknapltx/ursfs.fd) [1{/var/lib/texmf/fonts/map
/pdftex/updmap/pdftex.map}{/usr/share/texmf-dist/fonts/enc/dvips/base/8r.enc}])
[2]
Overfull \hbox (69.18036pt too wide) in paragraph at lines 60--60
 []\T1/pcr/m/n/9 df <- data.frame("mod"=c("first", "seco", "seco", "first", "fi
rst", "third", "first"), 

Overfull \hbox (36.7804pt too wide) in paragraph at lines 66--66
 []\T1/pcr/m/n/9 all_stat(inpt_v=c("first", "seco"), var_add = c("var1", "var2"
, "var3", "var4"),[] 

Overfull \hbox (150.18027pt too wide) in paragraph at lines 67--67
 [] \T1/pcr/m/n/9 stat_var=c("sum", "mean", "median", "sd", "occu-var2/", "occu
-var4/", "variance", "quantile-0.75/"),[] 
[3]
Overfull \hbox (52.98038pt too wide) in paragraph at lines 117--117
 []\T1/pcr/m/n/9 df2 <- data.frame("val"=c(3, 7, 2, 4, 1, 2), "ids"=c("a", "z",
 "z", "a", "a", "a"),[] 

Overfull \hbox (20.58041pt too wide) in paragraph at lines 128--128
 [] \T1/pcr/m/n/9 ids val ids last second_ids val ids  bool second_ids val ids 
last second_ids[] 

Overfull \hbox (25.98041pt too wide) in paragraph at lines 129--129
 []\T1/pcr/m/n/9 3 z12   2   z  non         12   7   z FALSE         12   2   z
  non         12[] 

Overfull \hbox (47.58038pt too wide) in paragraph at lines 131--131
 []\T1/pcr/m/n/9 print(any_join_df(inpt_df_l=list(df1, df2, df3), join_type="in
ner", id_v=c("ids"),[] 

Overfull \hbox (20.58041pt too wide) in paragraph at lines 134--134
 [] \T1/pcr/m/n/9 ids val ids last second_ids val ids  bool second_ids val ids 
last second_ids[] 

Overfull \hbox (25.98041pt too wide) in paragraph at lines 135--135
 []\T1/pcr/m/n/9 2   a   1   a  oui         11   3   a  TRUE         13   1   a
  oui         13[] 

Overfull \hbox (25.98041pt too wide) in paragraph at lines 136--136
 []\T1/pcr/m/n/9 3   z   2   z  non         12   7   z FALSE         12   2   z
  non         12[] 

Overfull \hbox (25.98041pt too wide) in paragraph at lines 137--137
 []\T1/pcr/m/n/9 4   a   4   a  oui          8   4   a FALSE         34   9   a
  oui         11[] 

Overfull \hbox (31.3804pt too wide) in paragraph at lines 139--139
 []\T1/pcr/m/n/9 print(any_join_df(inpt_df_l=list(df1, df2, df3), join_type=c(1
), id_v=c("ids"),[] 
[4]
Overfull \hbox (123.1803pt too wide) in paragraph at lines 153--153
 []\T1/pcr/m/n/9 print(any_join_df(inpt_df_l=list(df2, df1, df3), join_type=c(1
, 3), id_v=c("ids", "second_ids"),[] 

Overfull \hbox (4.38043pt too wide) in paragraph at lines 156--156
 []\T1/pcr/m/n/9 1  a13    3    a  TRUE         13 <NA> <NA> <NA>       <NA>   
 1    a  oui[] 

Overfull \hbox (4.38043pt too wide) in paragraph at lines 157--157
 []\T1/pcr/m/n/9 2  z12    7    z FALSE         12    2    z  non         12   
 2    z  non[] 

Overfull \hbox (4.38043pt too wide) in paragraph at lines 158--158
 []\T1/pcr/m/n/9 3   z8    2    z FALSE          8 <NA> <NA> <NA>       <NA> <N
A> <NA> <NA>[] 

Overfull \hbox (4.38043pt too wide) in paragraph at lines 159--159
 []\T1/pcr/m/n/9 4  a34    4    a FALSE         34 <NA> <NA> <NA>       <NA> <N
A> <NA> <NA>[] 

Overfull \hbox (4.38043pt too wide) in paragraph at lines 160--160
 []\T1/pcr/m/n/9 5  a22    1    a  TRUE         22 <NA> <NA> <NA>       <NA> <N
A> <NA> <NA>[] 

Overfull \hbox (4.38043pt too wide) in paragraph at lines 161--161
 []\T1/pcr/m/n/9 6  a12    2    a  TRUE         12 <NA> <NA> <NA>       <NA> <N
A> <NA> <NA>[] 

Overfull \hbox (4.38043pt too wide) in paragraph at lines 162--162
 []\T1/pcr/m/n/9 7  a13 <NA> <NA>  <NA>       <NA> <NA> <NA> <NA>       <NA> <N
A> <NA> <NA>[] 

Overfull \hbox (4.38043pt too wide) in paragraph at lines 163--163
 []\T1/pcr/m/n/9 8  a11 <NA> <NA>  <NA>       <NA>    1    a  oui         11   
 9    a  oui[] 

Overfull \hbox (4.38043pt too wide) in paragraph at lines 164--164
 []\T1/pcr/m/n/9 9  z12 <NA> <NA>  <NA>       <NA> <NA> <NA> <NA>       <NA> <N
A> <NA> <NA>[] 

Overfull \hbox (4.38043pt too wide) in paragraph at lines 165--165
 []\T1/pcr/m/n/9 10  a8 <NA> <NA>  <NA>       <NA>    4    a  oui          8   
 4    a  oui[] 

Overfull \hbox (31.3804pt too wide) in paragraph at lines 178--178
 []\T1/pcr/m/n/9 print(any_join_df(inpt_df_l=list(df1, df2, df3), join_type=c(1
), id_v=c("ids"),[] 

Overfull \hbox (18.78088pt too wide) in paragraph at lines 202--202
 []\T1/pcr/m/n/10 append_row(df_in, df, hmn = 1, na_col = c(), unique_do_not_kn
ow = NA) 

Overfull \hbox (2.20773pt too wide) in paragraph at lines 208--209
[]\T1/ptm/m/n/10 is the dataframe from which the row will ap-pend to an-other o
r the same dataframe 
[5] [6] [7]
Overfull \hbox (9.78043pt too wide) in paragraph at lines 349--349
 []\T1/pcr/m/n/9 print(chr_removr(inpt_v=c("oui?", "!oui??", "non", "!non"), pt
rn_v=c("?"))) 

Overfull \hbox (36.7804pt too wide) in paragraph at lines 352--352
 []\T1/pcr/m/n/9 print(chr_removr(inpt_v=c("oui?", "!oui??", "non", "!non"), pt
rn_v=c("?", "!")))[] 
[8]
Overfull \hbox (112.38031pt too wide) in paragraph at lines 395--395
 []\T1/pcr/m/n/9 print(closer_ptrn(inpt_v=c("bonjour", "lpoerc", "nonnour", "bo
nnour", "nonjour", "aurevoir")))[] 
[9]
Overfull \hbox (279.78012pt too wide) in paragraph at lines 450--450
 []\T1/pcr/m/n/9 print(closer_ptrn(inpt_v=c("bonjour", "lpoerc", "nonnour", "bo
nnour", "nonjour", "aurevoir"), excl_v=c("nonnour", "nonjour"),[] 

Underfull \vbox (badness 10000) has occurred while \output is active [10]
Overfull \hbox (263.58014pt too wide) in paragraph at lines 526--526
 []\T1/pcr/m/n/9 print(closer_ptrn_adv(inpt_v=c("aurevoir", "bonnour", "nonnour
", "fin", "mois", "bonjour"), res="word", c_word="bonjour")) 

Overfull \hbox (42.18039pt too wide) in paragraph at lines 534--534
 []\T1/pcr/m/n/9 print(closer_ptrn_adv(inpt_v=c("aurevoir", "bonnour", "nonnour
", "fin", "mois")))[] 
[11] [12]
Overfull \hbox (25.98041pt too wide) in paragraph at lines 607--607
 [] \T1/pcr/m/n/9 print(clusterizer_v(inpt_v=sample.int(20, 26, replace=T), w_v
=NA, c_val=0.9)) 

Overfull \hbox (20.58041pt too wide) in paragraph at lines 630--630
 []\T1/pcr/m/n/9 [1] "1"  "2"  "-"  "4"  "4"  "-"  "6"  "10" "-"  "12" "12" "-"
  "14" "16" "-"[] 

Overfull \hbox (52.98038pt too wide) in paragraph at lines 633--633
 []\T1/pcr/m/n/9 print(clusterizer_v(inpt_v=sample.int(40, 26, replace=T), w_v=
letters, c_val=0.29))[] 
[13] [14]
Overfull \hbox (120.78088pt too wide) in paragraph at lines 726--726
 []  \T1/pcr/m/n/10 str_source = c("a", "b", "c", "d", "e", "f", "g", "h", "i",
 "j", "k", "l", "m", "n",[] 
[15] [16] [17] [18]
Overfull \hbox (17.56721pt too wide) in paragraph at lines 966--967
[]\T1/ptm/m/n/10 Allow to find the min-i-mum or the max-i-mum of a date in a ve
c-tor. The for-mat of dates is Year/Month/Day. 
[19]
Overfull \hbox (193.38022pt too wide) in paragraph at lines 1007--1007
 []\T1/pcr/m/n/9 print(extrt_only_v(inpt_v=c("oui", "non", "peut", "oo", "ll", 
"oui", "non", "oui", "oui"), pttrn_v=c("oui"))) 
[20] [21]
Overfull \hbox (20.58041pt too wide) in paragraph at lines 1105--1105
 []\T1/pcr/m/n/9 print(fittr_v(f_v=c("non", "non", "non", "oui"), w_v=c("oui", 
"non", "non"))) 

Overfull \hbox (247.38016pt too wide) in paragraph at lines 1125--1125
 []\T1/pcr/m/n/9 print(fixer_nest_v(cur_v=c("oui", "non", "peut-etre", "oui", "
non", "peut-etre"), pttrn_v=c("oui", "non", "peut-etre"), 

Overfull \hbox (177.18024pt too wide) in paragraph at lines 1130--1130
 []\T1/pcr/m/n/9 print(fixer_nest_v(cur_v=c("oui", "non", "peut-etre", "oui", "
non", "peut-etre"), pttrn_v=c("oui", "non"),[] 
[22]
Overfull \hbox (1.5473pt too wide) in paragraph at lines 1177--1178
[]\T1/ptm/m/n/10 is the dataframe con-tain-ing the co-or-diantes of the es-tab-
lished ge-o-graph-i-cal points 
[23]
Overfull \hbox (52.98038pt too wide) in paragraph at lines 1246--1246
 []\T1/pcr/m/n/9 globe(lat_f=23, long_f=112, alt_f=NA, lat_n=c(2, 82), long_n=c
(165, -55), alt_n=NA) 

Overfull \hbox (72.78088pt too wide) in paragraph at lines 1258--1258
 []\T1/pcr/m/n/10 groupr_df(inpt_df, condition_lst, val_lst, conjunction_lst, r
tn_val_pos = c()) 
[24] [25] [26] [27]
Overfull \hbox (231.18018pt too wide) in paragraph at lines 1426--1426
 []\T1/pcr/m/n/9 [[0, 0.1, 0.2, 0.3, 0.4, 0.5, 0.6, 0.7, 0.8, 0.9, 1.0, 1.1, 1.
2, 1.3, 1.4, 1.5, 1.6, 1.7, 1.8, 1.9, 2.0, 2.1, 2.2, 2[] 

Overfull \hbox (231.18018pt too wide) in paragraph at lines 1427--1427
 []\T1/pcr/m/n/9 .3, 2.4, 2.5, 2.6, 2.7, 2.8, 2.9, 3.0, 3.1, 3.2, 3.3, 3.4, 3.5
, 3.6, 3.7, 3.8, 3.9, 4.0], [0, 0.1, 0.2, 0.3, 0.4, 0.[] 

Overfull \hbox (231.18018pt too wide) in paragraph at lines 1428--1428
 []\T1/pcr/m/n/9 5, 0.6, 0.7, 0.8, 0.9, 1.0, 1.1, 1.2, 1.3, 1.4, 1.5, 1.6, 1.7,
 1.8, 1.9, 2.0, 2.1, 2.2, 2.3, 2.4, 2.5, 2.6, 2.7, 2.8[] 

Overfull \hbox (231.18018pt too wide) in paragraph at lines 1429--1429
 []\T1/pcr/m/n/9 , 2.9, 3.0, 3.1, 3.2, 3.3, 3.4, 3.5, 3.6, 3.7, 3.8, 3.9, 4.0],
 [1, 1.1, 1.2, 1.3, 1.4, 1.5, 1.6, 1.7, 1.8, 1.9, 2.0,[] 
[28] [29] [30]
Overfull \hbox (54.78088pt too wide) in paragraph at lines 1593--1593
 []\T1/pcr/m/n/10 nestr_df1(inptf_df, inptt_pos_df, nestr_df, yes_val = T, inpt
t_neg_df = NA) 

Overfull \hbox (31.3804pt too wide) in paragraph at lines 1616--1616
 []\T1/pcr/m/n/9 nestr_df=data.frame(c(TRUE, FALSE, TRUE), c(FALSE, FALSE, TRUE
)), yes_val=TRUE)[] 
[31]
Overfull \hbox (106.98032pt too wide) in paragraph at lines 1649--1649
 []\T1/pcr/m/n/9 rtn_neg="no", nestr_df=data.frame(c(TRUE, FALSE, TRUE), c(FALS
E, FALSE, TRUE)), yes_val=TRUE)[] 

Overfull \hbox (193.38022pt too wide) in paragraph at lines 1679--1679
 []\T1/pcr/m/n/9 print(nest_v(f_v=c(1, 2, 3, 4, 5, 6), t_v=c("oui", "oui2", "ou
i3", "oui4", "oui5", "oui6"), step=2, after=2)) 
[32] [33] [34]
Overfull \hbox (48.78088pt too wide) in paragraph at lines 1808--1808
 []\T1/pcr/m/n/10 pattern_tuning(pattrn, spe_nb, spe_l, exclude_type, hmn = 1, 
rg = c(0, 0)) 

Overfull \hbox (78.78088pt too wide) in paragraph at lines 1836--1836
 []\T1/pcr/m/n/10 ptrn_switchr(inpt_l, f_idx_l = c(), t_idx_l = c(), sep = "-",
 default_val = NA) 
[35]
Overfull \hbox (54.78088pt too wide) in paragraph at lines 1871--1871
 []\T1/pcr/m/n/10 ptrn_twkr(inpt_l, depth = "max", sep = "-", default_val = "0"
, add_sep = T) 
[36]
Overfull \hbox (69.18036pt too wide) in paragraph at lines 1921--1921
 []\T1/pcr/m/n/9 print(rearangr_v(inpt_v=c(23, 21, 56), w_v=c("oui", "peut", "n
on"), how="decreasing")) 

Overfull \hbox (48.78088pt too wide) in paragraph at lines 1934--1934
 []\T1/pcr/m/n/10 see_df(df, condition_l, val_l, conjunction_l = c(), rt_val = 
T, f_val = F) 
[37] [38]
Overfull \hbox (78.78088pt too wide) in paragraph at lines 2013--2013
 []\T1/pcr/m/n/10 see_inside(pattern_, path_ = ".", sep_ = c(","), unique_sep =
 "#####", rec = F) 

Overfull \hbox (16.64742pt too wide) in paragraph at lines 2027--2033
\T1/ptm/m/n/10 sheet name as-so-cianted with, do the fol-low-ing: Ex-am-ples: p
rint(x[(grep(unique_sep,

Overfull \hbox (77.37729pt too wide) in paragraph at lines 2027--2033
\T1/ptm/m/n/10 x)[][]1[][][]+1):length(x)]) #If you just want to see the column
s do the fol-low-ing: print(x[][]1:(grep(unique_sep,
[39]
Overfull \hbox (60.78088pt too wide) in paragraph at lines 2044--2044
 []\T1/pcr/m/n/10 unique_ltr_from_v(inpt_v, keep_v = c("?", "!", ":", "&", ",",
 ".", letters)) 

Overfull \hbox (144.78027pt too wide) in paragraph at lines 2058--2058
 []\T1/pcr/m/n/9 print(unique_ltr_from_v(inpt_v=c("bonjour", "lpoerc", "nonnour
", "bonnour", "nonjour", "aurevoir"))) 
[40] [41] [42] (/tmp/Rtmp8eLHv7/Rd2pdfa6ac85c60f047/Rd2.ind [43] [44])
(/tmp/Rtmp8eLHv7/Rd2pdfa6ac85c60f047/Rd2.aux)

Package rerunfilecheck Warning: File `Rd2.out' has changed.
(rerunfilecheck)                Rerun to get outlines right
(rerunfilecheck)                or use package `bookmark'.

 )
(see the transcript file for additional information)
pdfTeX warning (dest): name{Rfn.1:\(grep\(unique.Rul.sep,\040x\)\040.Rdash.\040
1\)} has been referenced but does not exist, replaced by a fixed one


pdfTeX warning (dest): name{Rfn.1} has been referenced but does not exist, repl
aced by a fixed one

</usr/share/texmf-dist/fonts/type1/urw/courier/ucrr8a.pfb></usr/share/texmf-dis
t/fonts/type1/urw/helvetic/uhvr8a.pfb></usr/share/texmf-dist/fonts/type1/urw/ti
mes/utmb8a.pfb></usr/share/texmf-dist/fonts/type1/urw/times/utmr8a.pfb></usr/sh
are/texmf-dist/fonts/type1/urw/times/utmr8a.pfb></usr/share/texmf-dist/fonts/ty
pe1/urw/times/utmri8a.pfb>
Output written on Rd2.pdf (44 pages, 154452 bytes).
Transcript written on Rd2.log.
This is makeindex, version 2.17 [TeX Live 2023] (kpathsea + Thai support).
Scanning input file Rd2.idx....done (67 entries accepted, 0 rejected).
Sorting entries....done (441 comparisons).
Generating output file Rd2.ind....done (123 lines written, 0 warnings).
Output written in Rd2.ind.
Transcript written in Rd2.ilg.
This is pdfTeX, Version 3.141592653-2.6-1.40.25 (TeX Live 2023/Arch Linux) (preloaded format=pdflatex)
 restricted \write18 enabled.
entering extended mode
LaTeX2e <2022-11-01> patch level 1
L3 programming layer <2023-02-22> (./Rd2.tex
(/usr/share/texmf-dist/tex/latex/base/book.cls
Document Class: book 2022/07/02 v1.4n Standard LaTeX document class
(/usr/share/texmf-dist/tex/latex/base/bk10.clo))
(/usr/share/texmf/tex/latex/Rd.sty
(/usr/share/texmf-dist/tex/latex/base/ifthen.sty)
(/usr/share/texmf-dist/tex/latex/tools/longtable.sty)
(/usr/share/texmf-dist/tex/latex/tools/bm.sty)
(/usr/share/texmf-dist/tex/latex/base/alltt.sty)
(/usr/share/texmf-dist/tex/latex/tools/verbatim.sty)
(/usr/share/texmf-dist/tex/latex/url/url.sty)
(/usr/share/texmf-dist/tex/latex/base/textcomp.sty)
(/usr/share/texmf-dist/tex/latex/amsmath/amsmath.sty
For additional information on amsmath, use the `?' option.
(/usr/share/texmf-dist/tex/latex/amsmath/amstext.sty
(/usr/share/texmf-dist/tex/latex/amsmath/amsgen.sty))
(/usr/share/texmf-dist/tex/latex/amsmath/amsbsy.sty)
(/usr/share/texmf-dist/tex/latex/amsmath/amsopn.sty))
(/usr/share/texmf-dist/tex/latex/amsfonts/amsfonts.sty)
(/usr/share/texmf-dist/tex/latex/amsfonts/amssymb.sty)
(/usr/share/texmf-dist/tex/latex/jknapltx/mathrsfs.sty)
(/usr/share/texmf-dist/tex/generic/iftex/iftex.sty)
(/usr/share/texmf-dist/tex/latex/base/fontenc.sty)
(/usr/share/texmf-dist/tex/latex/psnfss/times.sty)
(/usr/share/texmf-dist/tex/latex/graphics/color.sty
(/usr/share/texmf-dist/tex/latex/graphics-cfg/color.cfg)
(/usr/share/texmf-dist/tex/latex/graphics-def/pdftex.def)
(/usr/share/texmf-dist/tex/latex/graphics/mathcolor.ltx))
(/usr/share/texmf-dist/tex/latex/hyperref/hyperref.sty
(/usr/share/texmf-dist/tex/generic/ltxcmds/ltxcmds.sty)
(/usr/share/texmf-dist/tex/generic/pdftexcmds/pdftexcmds.sty
(/usr/share/texmf-dist/tex/generic/infwarerr/infwarerr.sty))
(/usr/share/texmf-dist/tex/latex/graphics/keyval.sty)
(/usr/share/texmf-dist/tex/latex/kvsetkeys/kvsetkeys.sty)
(/usr/share/texmf-dist/tex/generic/kvdefinekeys/kvdefinekeys.sty)
(/usr/share/texmf-dist/tex/generic/pdfescape/pdfescape.sty)
(/usr/share/texmf-dist/tex/latex/hycolor/hycolor.sty)
(/usr/share/texmf-dist/tex/latex/letltxmacro/letltxmacro.sty)
(/usr/share/texmf-dist/tex/latex/auxhook/auxhook.sty)
(/usr/share/texmf-dist/tex/latex/hyperref/nameref.sty
(/usr/share/texmf-dist/tex/latex/refcount/refcount.sty)
(/usr/share/texmf-dist/tex/generic/gettitlestring/gettitlestring.sty
(/usr/share/texmf-dist/tex/latex/kvoptions/kvoptions.sty)))
(/usr/share/texmf-dist/tex/latex/hyperref/pd1enc.def)
(/usr/share/texmf-dist/tex/generic/intcalc/intcalc.sty)
(/usr/share/texmf-dist/tex/generic/etexcmds/etexcmds.sty)
(/usr/share/texmf-dist/tex/latex/hyperref/puenc.def)
(/usr/share/texmf-dist/tex/generic/bitset/bitset.sty
(/usr/share/texmf-dist/tex/generic/bigintcalc/bigintcalc.sty))
(/usr/share/texmf-dist/tex/latex/base/atbegshi-ltx.sty))
(/usr/share/texmf-dist/tex/latex/hyperref/hpdftex.def
(/usr/share/texmf-dist/tex/latex/base/atveryend-ltx.sty)
(/usr/share/texmf-dist/tex/latex/rerunfilecheck/rerunfilecheck.sty
(/usr/share/texmf-dist/tex/generic/uniquecounter/uniquecounter.sty))))
(/usr/share/texmf-dist/tex/latex/base/makeidx.sty)
(/usr/share/texmf-dist/tex/latex/base/inputenc.sty)
Writing index file Rd2.idx
(/usr/share/texmf-dist/tex/latex/psnfss/t1ptm.fd)
(/usr/share/texmf-dist/tex/latex/l3backend/l3backend-pdftex.def)
(/tmp/Rtmp8eLHv7/Rd2pdfa6ac85c60f047/Rd2.aux)
(/usr/share/texmf-dist/tex/context/base/mkii/supp-pdf.mkii
[Loading MPS to PDF converter (version 2006.09.02).]
) (/tmp/Rtmp8eLHv7/Rd2pdfa6ac85c60f047/Rd2.out)
(/tmp/Rtmp8eLHv7/Rd2pdfa6ac85c60f047/Rd2.out)
(/usr/share/texmf-dist/tex/latex/psnfss/ts1ptm.fd)
(/usr/share/texmf-dist/tex/latex/psnfss/t1pcr.fd)
(/usr/share/texmf-dist/tex/latex/psnfss/t1phv.fd)
(/tmp/Rtmp8eLHv7/Rd2pdfa6ac85c60f047/Rd2.toc
(/usr/share/texmf-dist/tex/latex/amsfonts/umsa.fd)
(/usr/share/texmf-dist/tex/latex/amsfonts/umsb.fd)
(/usr/share/texmf-dist/tex/latex/jknapltx/ursfs.fd) [1{/var/lib/texmf/fonts/map
/pdftex/updmap/pdftex.map}{/usr/share/texmf-dist/fonts/enc/dvips/base/8r.enc}])
[2]
Overfull \hbox (69.18036pt too wide) in paragraph at lines 60--60
 []\T1/pcr/m/n/9 df <- data.frame("mod"=c("first", "seco", "seco", "first", "fi
rst", "third", "first"), 

Overfull \hbox (36.7804pt too wide) in paragraph at lines 66--66
 []\T1/pcr/m/n/9 all_stat(inpt_v=c("first", "seco"), var_add = c("var1", "var2"
, "var3", "var4"),[] 

Overfull \hbox (150.18027pt too wide) in paragraph at lines 67--67
 [] \T1/pcr/m/n/9 stat_var=c("sum", "mean", "median", "sd", "occu-var2/", "occu
-var4/", "variance", "quantile-0.75/"),[] 
[3]
Overfull \hbox (52.98038pt too wide) in paragraph at lines 117--117
 []\T1/pcr/m/n/9 df2 <- data.frame("val"=c(3, 7, 2, 4, 1, 2), "ids"=c("a", "z",
 "z", "a", "a", "a"),[] 

Overfull \hbox (20.58041pt too wide) in paragraph at lines 128--128
 [] \T1/pcr/m/n/9 ids val ids last second_ids val ids  bool second_ids val ids 
last second_ids[] 

Overfull \hbox (25.98041pt too wide) in paragraph at lines 129--129
 []\T1/pcr/m/n/9 3 z12   2   z  non         12   7   z FALSE         12   2   z
  non         12[] 

Overfull \hbox (47.58038pt too wide) in paragraph at lines 131--131
 []\T1/pcr/m/n/9 print(any_join_df(inpt_df_l=list(df1, df2, df3), join_type="in
ner", id_v=c("ids"),[] 

Overfull \hbox (20.58041pt too wide) in paragraph at lines 134--134
 [] \T1/pcr/m/n/9 ids val ids last second_ids val ids  bool second_ids val ids 
last second_ids[] 

Overfull \hbox (25.98041pt too wide) in paragraph at lines 135--135
 []\T1/pcr/m/n/9 2   a   1   a  oui         11   3   a  TRUE         13   1   a
  oui         13[] 

Overfull \hbox (25.98041pt too wide) in paragraph at lines 136--136
 []\T1/pcr/m/n/9 3   z   2   z  non         12   7   z FALSE         12   2   z
  non         12[] 

Overfull \hbox (25.98041pt too wide) in paragraph at lines 137--137
 []\T1/pcr/m/n/9 4   a   4   a  oui          8   4   a FALSE         34   9   a
  oui         11[] 

Overfull \hbox (31.3804pt too wide) in paragraph at lines 139--139
 []\T1/pcr/m/n/9 print(any_join_df(inpt_df_l=list(df1, df2, df3), join_type=c(1
), id_v=c("ids"),[] 
[4]
Overfull \hbox (123.1803pt too wide) in paragraph at lines 153--153
 []\T1/pcr/m/n/9 print(any_join_df(inpt_df_l=list(df2, df1, df3), join_type=c(1
, 3), id_v=c("ids", "second_ids"),[] 

Overfull \hbox (4.38043pt too wide) in paragraph at lines 156--156
 []\T1/pcr/m/n/9 1  a13    3    a  TRUE         13 <NA> <NA> <NA>       <NA>   
 1    a  oui[] 

Overfull \hbox (4.38043pt too wide) in paragraph at lines 157--157
 []\T1/pcr/m/n/9 2  z12    7    z FALSE         12    2    z  non         12   
 2    z  non[] 

Overfull \hbox (4.38043pt too wide) in paragraph at lines 158--158
 []\T1/pcr/m/n/9 3   z8    2    z FALSE          8 <NA> <NA> <NA>       <NA> <N
A> <NA> <NA>[] 

Overfull \hbox (4.38043pt too wide) in paragraph at lines 159--159
 []\T1/pcr/m/n/9 4  a34    4    a FALSE         34 <NA> <NA> <NA>       <NA> <N
A> <NA> <NA>[] 

Overfull \hbox (4.38043pt too wide) in paragraph at lines 160--160
 []\T1/pcr/m/n/9 5  a22    1    a  TRUE         22 <NA> <NA> <NA>       <NA> <N
A> <NA> <NA>[] 

Overfull \hbox (4.38043pt too wide) in paragraph at lines 161--161
 []\T1/pcr/m/n/9 6  a12    2    a  TRUE         12 <NA> <NA> <NA>       <NA> <N
A> <NA> <NA>[] 

Overfull \hbox (4.38043pt too wide) in paragraph at lines 162--162
 []\T1/pcr/m/n/9 7  a13 <NA> <NA>  <NA>       <NA> <NA> <NA> <NA>       <NA> <N
A> <NA> <NA>[] 

Overfull \hbox (4.38043pt too wide) in paragraph at lines 163--163
 []\T1/pcr/m/n/9 8  a11 <NA> <NA>  <NA>       <NA>    1    a  oui         11   
 9    a  oui[] 

Overfull \hbox (4.38043pt too wide) in paragraph at lines 164--164
 []\T1/pcr/m/n/9 9  z12 <NA> <NA>  <NA>       <NA> <NA> <NA> <NA>       <NA> <N
A> <NA> <NA>[] 

Overfull \hbox (4.38043pt too wide) in paragraph at lines 165--165
 []\T1/pcr/m/n/9 10  a8 <NA> <NA>  <NA>       <NA>    4    a  oui          8   
 4    a  oui[] 

Overfull \hbox (31.3804pt too wide) in paragraph at lines 178--178
 []\T1/pcr/m/n/9 print(any_join_df(inpt_df_l=list(df1, df2, df3), join_type=c(1
), id_v=c("ids"),[] 

Overfull \hbox (18.78088pt too wide) in paragraph at lines 202--202
 []\T1/pcr/m/n/10 append_row(df_in, df, hmn = 1, na_col = c(), unique_do_not_kn
ow = NA) 

Overfull \hbox (2.20773pt too wide) in paragraph at lines 208--209
[]\T1/ptm/m/n/10 is the dataframe from which the row will ap-pend to an-other o
r the same dataframe 
[5] [6] [7]
Overfull \hbox (9.78043pt too wide) in paragraph at lines 349--349
 []\T1/pcr/m/n/9 print(chr_removr(inpt_v=c("oui?", "!oui??", "non", "!non"), pt
rn_v=c("?"))) 

Overfull \hbox (36.7804pt too wide) in paragraph at lines 352--352
 []\T1/pcr/m/n/9 print(chr_removr(inpt_v=c("oui?", "!oui??", "non", "!non"), pt
rn_v=c("?", "!")))[] 
[8]
Overfull \hbox (112.38031pt too wide) in paragraph at lines 395--395
 []\T1/pcr/m/n/9 print(closer_ptrn(inpt_v=c("bonjour", "lpoerc", "nonnour", "bo
nnour", "nonjour", "aurevoir")))[] 
[9]
Overfull \hbox (279.78012pt too wide) in paragraph at lines 450--450
 []\T1/pcr/m/n/9 print(closer_ptrn(inpt_v=c("bonjour", "lpoerc", "nonnour", "bo
nnour", "nonjour", "aurevoir"), excl_v=c("nonnour", "nonjour"),[] 

Underfull \vbox (badness 10000) has occurred while \output is active [10]
Overfull \hbox (263.58014pt too wide) in paragraph at lines 526--526
 []\T1/pcr/m/n/9 print(closer_ptrn_adv(inpt_v=c("aurevoir", "bonnour", "nonnour
", "fin", "mois", "bonjour"), res="word", c_word="bonjour")) 

Overfull \hbox (42.18039pt too wide) in paragraph at lines 534--534
 []\T1/pcr/m/n/9 print(closer_ptrn_adv(inpt_v=c("aurevoir", "bonnour", "nonnour
", "fin", "mois")))[] 
[11] [12]
Overfull \hbox (25.98041pt too wide) in paragraph at lines 607--607
 [] \T1/pcr/m/n/9 print(clusterizer_v(inpt_v=sample.int(20, 26, replace=T), w_v
=NA, c_val=0.9)) 

Overfull \hbox (20.58041pt too wide) in paragraph at lines 630--630
 []\T1/pcr/m/n/9 [1] "1"  "2"  "-"  "4"  "4"  "-"  "6"  "10" "-"  "12" "12" "-"
  "14" "16" "-"[] 

Overfull \hbox (52.98038pt too wide) in paragraph at lines 633--633
 []\T1/pcr/m/n/9 print(clusterizer_v(inpt_v=sample.int(40, 26, replace=T), w_v=
letters, c_val=0.29))[] 
[13] [14]
Overfull \hbox (120.78088pt too wide) in paragraph at lines 726--726
 []  \T1/pcr/m/n/10 str_source = c("a", "b", "c", "d", "e", "f", "g", "h", "i",
 "j", "k", "l", "m", "n",[] 
[15] [16] [17] [18]
Overfull \hbox (17.56721pt too wide) in paragraph at lines 966--967
[]\T1/ptm/m/n/10 Allow to find the min-i-mum or the max-i-mum of a date in a ve
c-tor. The for-mat of dates is Year/Month/Day. 
[19]
Overfull \hbox (193.38022pt too wide) in paragraph at lines 1007--1007
 []\T1/pcr/m/n/9 print(extrt_only_v(inpt_v=c("oui", "non", "peut", "oo", "ll", 
"oui", "non", "oui", "oui"), pttrn_v=c("oui"))) 
[20] [21]
Overfull \hbox (20.58041pt too wide) in paragraph at lines 1105--1105
 []\T1/pcr/m/n/9 print(fittr_v(f_v=c("non", "non", "non", "oui"), w_v=c("oui", 
"non", "non"))) 

Overfull \hbox (247.38016pt too wide) in paragraph at lines 1125--1125
 []\T1/pcr/m/n/9 print(fixer_nest_v(cur_v=c("oui", "non", "peut-etre", "oui", "
non", "peut-etre"), pttrn_v=c("oui", "non", "peut-etre"), 

Overfull \hbox (177.18024pt too wide) in paragraph at lines 1130--1130
 []\T1/pcr/m/n/9 print(fixer_nest_v(cur_v=c("oui", "non", "peut-etre", "oui", "
non", "peut-etre"), pttrn_v=c("oui", "non"),[] 
[22]
Overfull \hbox (1.5473pt too wide) in paragraph at lines 1177--1178
[]\T1/ptm/m/n/10 is the dataframe con-tain-ing the co-or-diantes of the es-tab-
lished ge-o-graph-i-cal points 
[23]
Overfull \hbox (52.98038pt too wide) in paragraph at lines 1246--1246
 []\T1/pcr/m/n/9 globe(lat_f=23, long_f=112, alt_f=NA, lat_n=c(2, 82), long_n=c
(165, -55), alt_n=NA) 

Overfull \hbox (72.78088pt too wide) in paragraph at lines 1258--1258
 []\T1/pcr/m/n/10 groupr_df(inpt_df, condition_lst, val_lst, conjunction_lst, r
tn_val_pos = c()) 
[24] [25] [26] [27]
Overfull \hbox (231.18018pt too wide) in paragraph at lines 1426--1426
 []\T1/pcr/m/n/9 [[0, 0.1, 0.2, 0.3, 0.4, 0.5, 0.6, 0.7, 0.8, 0.9, 1.0, 1.1, 1.
2, 1.3, 1.4, 1.5, 1.6, 1.7, 1.8, 1.9, 2.0, 2.1, 2.2, 2[] 

Overfull \hbox (231.18018pt too wide) in paragraph at lines 1427--1427
 []\T1/pcr/m/n/9 .3, 2.4, 2.5, 2.6, 2.7, 2.8, 2.9, 3.0, 3.1, 3.2, 3.3, 3.4, 3.5
, 3.6, 3.7, 3.8, 3.9, 4.0], [0, 0.1, 0.2, 0.3, 0.4, 0.[] 

Overfull \hbox (231.18018pt too wide) in paragraph at lines 1428--1428
 []\T1/pcr/m/n/9 5, 0.6, 0.7, 0.8, 0.9, 1.0, 1.1, 1.2, 1.3, 1.4, 1.5, 1.6, 1.7,
 1.8, 1.9, 2.0, 2.1, 2.2, 2.3, 2.4, 2.5, 2.6, 2.7, 2.8[] 

Overfull \hbox (231.18018pt too wide) in paragraph at lines 1429--1429
 []\T1/pcr/m/n/9 , 2.9, 3.0, 3.1, 3.2, 3.3, 3.4, 3.5, 3.6, 3.7, 3.8, 3.9, 4.0],
 [1, 1.1, 1.2, 1.3, 1.4, 1.5, 1.6, 1.7, 1.8, 1.9, 2.0,[] 
[28] [29] [30]
Overfull \hbox (54.78088pt too wide) in paragraph at lines 1593--1593
 []\T1/pcr/m/n/10 nestr_df1(inptf_df, inptt_pos_df, nestr_df, yes_val = T, inpt
t_neg_df = NA) 

Overfull \hbox (31.3804pt too wide) in paragraph at lines 1616--1616
 []\T1/pcr/m/n/9 nestr_df=data.frame(c(TRUE, FALSE, TRUE), c(FALSE, FALSE, TRUE
)), yes_val=TRUE)[] 
[31]
Overfull \hbox (106.98032pt too wide) in paragraph at lines 1649--1649
 []\T1/pcr/m/n/9 rtn_neg="no", nestr_df=data.frame(c(TRUE, FALSE, TRUE), c(FALS
E, FALSE, TRUE)), yes_val=TRUE)[] 

Overfull \hbox (193.38022pt too wide) in paragraph at lines 1679--1679
 []\T1/pcr/m/n/9 print(nest_v(f_v=c(1, 2, 3, 4, 5, 6), t_v=c("oui", "oui2", "ou
i3", "oui4", "oui5", "oui6"), step=2, after=2)) 
[32] [33] [34]
Overfull \hbox (48.78088pt too wide) in paragraph at lines 1808--1808
 []\T1/pcr/m/n/10 pattern_tuning(pattrn, spe_nb, spe_l, exclude_type, hmn = 1, 
rg = c(0, 0)) 

Overfull \hbox (78.78088pt too wide) in paragraph at lines 1836--1836
 []\T1/pcr/m/n/10 ptrn_switchr(inpt_l, f_idx_l = c(), t_idx_l = c(), sep = "-",
 default_val = NA) 
[35]
Overfull \hbox (54.78088pt too wide) in paragraph at lines 1871--1871
 []\T1/pcr/m/n/10 ptrn_twkr(inpt_l, depth = "max", sep = "-", default_val = "0"
, add_sep = T) 
[36]
Overfull \hbox (69.18036pt too wide) in paragraph at lines 1921--1921
 []\T1/pcr/m/n/9 print(rearangr_v(inpt_v=c(23, 21, 56), w_v=c("oui", "peut", "n
on"), how="decreasing")) 

Overfull \hbox (48.78088pt too wide) in paragraph at lines 1934--1934
 []\T1/pcr/m/n/10 see_df(df, condition_l, val_l, conjunction_l = c(), rt_val = 
T, f_val = F) 
[37] [38]
Overfull \hbox (78.78088pt too wide) in paragraph at lines 2013--2013
 []\T1/pcr/m/n/10 see_inside(pattern_, path_ = ".", sep_ = c(","), unique_sep =
 "#####", rec = F) 

Overfull \hbox (16.64742pt too wide) in paragraph at lines 2027--2033
\T1/ptm/m/n/10 sheet name as-so-cianted with, do the fol-low-ing: Ex-am-ples: p
rint(x[(grep(unique_sep,

Overfull \hbox (77.37729pt too wide) in paragraph at lines 2027--2033
\T1/ptm/m/n/10 x)[][]1[][][]+1):length(x)]) #If you just want to see the column
s do the fol-low-ing: print(x[][]1:(grep(unique_sep,
[39]
Overfull \hbox (60.78088pt too wide) in paragraph at lines 2044--2044
 []\T1/pcr/m/n/10 unique_ltr_from_v(inpt_v, keep_v = c("?", "!", ":", "&", ",",
 ".", letters)) 

Overfull \hbox (144.78027pt too wide) in paragraph at lines 2058--2058
 []\T1/pcr/m/n/9 print(unique_ltr_from_v(inpt_v=c("bonjour", "lpoerc", "nonnour
", "bonnour", "nonjour", "aurevoir"))) 
[40] [41] [42] (/tmp/Rtmp8eLHv7/Rd2pdfa6ac85c60f047/Rd2.ind [43] [44])
(/tmp/Rtmp8eLHv7/Rd2pdfa6ac85c60f047/Rd2.aux) )
(see the transcript file for additional information)
pdfTeX warning (dest): name{Rfn.1:\(grep\(unique.Rul.sep,\040x\)\040.Rdash.\040
1\)} has been referenced but does not exist, replaced by a fixed one


pdfTeX warning (dest): name{Rfn.1} has been referenced but does not exist, repl
aced by a fixed one

</usr/share/texmf-dist/fonts/type1/urw/courier/ucrr8a.pfb></usr/share/texmf-dis
t/fonts/type1/urw/helvetic/uhvr8a.pfb></usr/share/texmf-dist/fonts/type1/urw/ti
mes/utmb8a.pfb></usr/share/texmf-dist/fonts/type1/urw/times/utmr8a.pfb></usr/sh
are/texmf-dist/fonts/type1/urw/times/utmr8a.pfb></usr/share/texmf-dist/fonts/ty
pe1/urw/times/utmri8a.pfb>
Output written on Rd2.pdf (44 pages, 154778 bytes).
Transcript written on Rd2.log.
Saving output to ‘edm1-manual.pdf’ ...
Done
You may want to clean up by 'rm -Rf /tmp/Rtmp8eLHv7/Rd2pdfa6ac85c60f047'
