* using log directory ‘/home/kvv/ssd1/edm/edm1/..Rcheck’
* using R version 4.3.2 (2023-10-31)
* using platform: x86_64-pc-linux-gnu (64-bit)
* R was compiled by
    gcc (GCC) 13.2.1 20230801
    GNU Fortran (GCC) 13.2.1 20230801
* running under: Arch Linux
* using session charset: UTF-8
* using option ‘--as-cran’
* checking for file ‘./DESCRIPTION’ ... OK
* this is package ‘edm1’ version ‘1.0’
* package encoding: UTF-8
* checking CRAN incoming feasibility ... NOTE
Maintainer: ‘Julien Larget-Piet <julien.larget-piet@edu.univ-eiffel.fr>’

New submission

Unknown, possibly misspelled, fields in DESCRIPTION:
  ‘description’

Author field should be Authors@R.  Current value is:
  person('Julien', 'Larget-Piet', role = c('aut', 'cre'))

The Title field should be in title case. Current version is:
‘edm’
In title case that is:
‘Edm’

DESCRIPTION fields with placeholder content:
  Description: what the package does (one paragraph).
* checking package namespace information ... OK
* checking package dependencies ... OK
* checking if this is a source package ... OK
* checking if there is a namespace ... OK
* checking for executable files ... OK
* checking for hidden files and directories ... NOTE
Found the following hidden files and directories:
  .RData
  .Rhistory
  .html
  R/.RData
  R/.Rhistory
  man/.RData
  man/.Rhistory
  man/.md
  ..Rcheck
These were most likely included in error. See section ‘Package
structure’ in the ‘Writing R Extensions’ manual.

CRAN-pack does not know about
  .RData
  .html
  R/.RData
  man/.RData
  man/.md
  ..Rcheck
* checking for portable file names ... OK
* checking for sufficient/correct file permissions ... OK
* checking serialization versions ... WARNING
Found file(s) with version 3 serialization:
  ‘.RData’ ‘R/.RData’ ‘man/.RData’
Such files are only readable in R >= 3.5.0.
Recreate them with R < 3.5.0 or save(version = 2) or saveRDS(version =
2) as appropriate
* checking whether package ‘edm1’ can be installed ... OK
* checking installed package size ... OK
* checking package directory ... OK
* checking for future file timestamps ... OK
* checking DESCRIPTION meta-information ... NOTE
Le champ Authors@R renvoie des personnes avec des identifiants ORCID incorrects :
  Julien Larget-Piet <julien.larget-piet@edu.univ-eiffel.fr> [aut, cre] (YOUR-ORCID-ID)
Author field differs from that derived from Authors@R
  Author:    ‘person(‘Julien’, ‘Larget-Piet’, role = c(‘aut’, ‘cre’))’
  Authors@R: ‘Julien Larget-Piet [aut, cre] (YOUR-ORCID-ID)’

* checking top-level files ... NOTE
File
  LICENSE
is not mentioned in the DESCRIPTION file.
Non-standard files/directories found at top level:
  ‘README.html’ ‘edm1.pdf’
* checking for left-over files ... OK
* checking index information ... OK
* checking package subdirectories ... WARNING
Found the following directory with the name of a check directory:
  ./..Rcheck
Most likely, these were included erroneously.
* checking R files for non-ASCII characters ... OK
* checking R files for syntax errors ... OK
* checking whether the package can be loaded ... OK
* checking whether the package can be loaded with stated dependencies ... OK
* checking whether the package can be unloaded cleanly ... OK
* checking whether the namespace can be loaded with stated dependencies ... OK
* checking whether the namespace can be unloaded cleanly ... OK
* checking loading without being on the library search path ... OK
* checking use of S3 registration ... OK
* checking dependencies in R code ... NOTE
Espaces de noms dans le champ Imports non importés depuis :
  ‘openxlsx’ ‘stringi’ ‘stringr’
  All declared Imports should be used.
* checking S3 generic/method consistency ... OK
* checking replacement functions ... OK
* checking foreign function calls ... OK
* checking R code for possible problems ... NOTE
can_be_num: no visible global function definition for ‘str_split’
change_date: no visible global function definition for ‘str_split’
change_date: no visible global function definition for ‘str_sub’
closest_date: no visible global function definition for ‘str_split’
closest_date: no visible global function definition for ‘str_sub’
cost_and_taxes: no visible binding for global variable ‘pu_d_tcc’
data_gen: no visible global function definition for ‘str_split’
data_gen: no visible global function definition for ‘runif’
data_gen: no visible global function definition for ‘stri_paste’
data_gen: no visible global function definition for ‘dpois’
data_gen: no visible global function definition for ‘dnorm’
data_gen: no visible global function definition for ‘write.table’
data_meshup: no visible global function definition for ‘str_detect’
data_meshup: no visible global function definition for ‘write.table’
date_sort: no visible global function definition for ‘str_split’
days_from_month: no visible global function definition for ‘str_split’
days_from_month: no visible binding for global variable ‘dialect’
diff_xlsx: no visible global function definition for ‘read.xlsx’
diff_xlsx: no visible global function definition for ‘write.xlsx’
diff_xlsx: no visible global function definition for ‘loadWorkbook’
diff_xlsx: no visible global function definition for ‘createStyle’
diff_xlsx: no visible global function definition for ‘addStyle’
diff_xlsx: no visible global function definition for ‘saveWorkbook’
file_rec: no visible global function definition for ‘str_count’
file_rec2: no visible global function definition for ‘str_split’
file_rec2: no visible global function definition for ‘str_count’
format_date: no visible global function definition for ‘str_split’
get_rec: no visible global function definition for ‘str_count’
groupr_df : see_df: no visible binding for global variable
  ‘condiction_l’
letter_to_nb: no visible global function definition for ‘str_sub’
match_n: no visible binding for global variable ‘vec2’
nestr_df1: no visible binding for global variable ‘inptt_df’
pattern_generator: no visible global function definition for
  ‘str_split’
pattern_generator: no visible global function definition for ‘runif’
pattern_generator: no visible global function definition for
  ‘stri_paste’
pattern_gettr: no visible global function definition for ‘str_detect’
pattern_tuning: no visible global function definition for ‘str_split’
pattern_tuning: no visible global function definition for ‘runif’
pattern_tuning: no visible global function definition for ‘stri_paste’
ptrn_twkr: no visible global function definition for ‘str_count’
see_df: no visible binding for global variable ‘condiction_l’
see_file: no visible global function definition for ‘str_split’
see_inside: no visible global function definition for ‘str_split’
see_inside: no visible global function definition for ‘getSheetNames’
see_inside: no visible global function definition for ‘read.xlsx’
see_inside: no visible global function definition for ‘read.table’
v_to_df: no visible global function definition for ‘str_count’
Undefined global functions or variables:
  addStyle condiction_l createStyle dialect dnorm dpois getSheetNames
  inptt_df loadWorkbook pu_d_tcc read.table read.xlsx runif
  saveWorkbook str_count str_detect str_split str_sub stri_paste vec2
  write.table write.xlsx
Consider adding
  importFrom("stats", "dnorm", "dpois", "runif")
  importFrom("utils", "read.table", "write.table")
to your NAMESPACE file.
* checking Rd files ... OK
* checking Rd metadata ... OK
* checking Rd line widths ... OK
* checking Rd cross-references ... WARNING
Lien(s) manquant(s) dans la documentation de l'objet 'see_inside.Rd' :
  ‘1’ ‘1:(grep(unique_sep, x) - 1)’

Voyez l'information dans la section 'Cross-references' du manuel
'Writing R Extensions'.
* checking for missing documentation entries ... OK
* checking for code/documentation mismatches ... OK
* checking Rd \usage sections ... WARNING
Arguments non documentés dans la documentation de l'objet 'nestr_df1'
  ‘inptt_neg_df’
Arguments documentés non repris dans \usage pour la documentation de l'objet 'nestr_df1' :
  ‘inpt_neg_df’

Functions with \usage entries need to have the appropriate \alias
entries, and all their arguments documented.
The \usage entries must correspond to syntactically valid R code.
See chapter ‘Writing R documentation files’ in the ‘Writing R
Extensions’ manual.
* checking Rd contents ... OK
* checking for unstated dependencies in examples ... OK
* checking examples ... OK
* checking PDF version of manual ... OK
* checking HTML version of manual ... OK
* checking for non-standard things in the check directory ... OK
* checking for detritus in the temp directory ... OK
* DONE
Status: 4 WARNINGs, 6 NOTEs
